<?xml version="1.0" encoding="UTF-8" standalone="no"?>
<testsuite errors="0" failures="3" name="io.cucumber.core.plugin.JUnitFormatter" skipped="0" tests="4" time="70.09">
<testcase classname="Basic for report practice" name="Facebook login" time="53.525">
<failure message="unknown error: cannot determine loading status&#10;from disconnected: unable to send message to renderer&#10;  (Session info: chrome=92.0.4515.107)&#10;Build info: version: '3.141.59', revision: 'e82be7d358', time: '2018-11-14T08:17:03'&#10;System info: host: 'DESKTOP-H804N15', ip: '192.168.0.125', os.name: 'Windows 10', os.arch: 'amd64', os.version: '10.0', java.version: '1.8.0_251'&#10;Driver info: org.openqa.selenium.chrome.ChromeDriver&#10;Capabilities {acceptInsecureCerts: false, browserName: chrome, browserVersion: 92.0.4515.107, chrome: {chromedriverVersion: 92.0.4515.107 (87a818b10553..., userDataDir: C:\Users\SRISRE~1\AppData\L...}, goog:chromeOptions: {debuggerAddress: localhost:51124}, javascriptEnabled: true, networkConnectionEnabled: false, pageLoadStrategy: normal, platform: WINDOWS, platformName: WINDOWS, proxy: Proxy(), setWindowRect: true, strictFileInteractability: false, timeouts: {implicit: 0, pageLoad: 300000, script: 30000}, unhandledPromptBehavior: dismiss and notify, webauthn:extension:credBlob: true, webauthn:extension:largeBlob: true, webauthn:virtualAuthenticators: true}&#10;Session ID: 748b0e9b72206a5857c3a0dd203e5330" type="org.openqa.selenium.WebDriverException"><![CDATA[Given when user enter username "merla" and password "devi"..................skipped
When click on submit........................................................skipped
Then error displays.........................................................skipped

StackTrace:
org.openqa.selenium.WebDriverException: unknown error: cannot determine loading status
from disconnected: unable to send message to renderer
  (Session info: chrome=92.0.4515.107)
Build info: version: '3.141.59', revision: 'e82be7d358', time: '2018-11-14T08:17:03'
System info: host: 'DESKTOP-H804N15', ip: '192.168.0.125', os.name: 'Windows 10', os.arch: 'amd64', os.version: '10.0', java.version: '1.8.0_251'
Driver info: org.openqa.selenium.chrome.ChromeDriver
Capabilities {acceptInsecureCerts: false, browserName: chrome, browserVersion: 92.0.4515.107, chrome: {chromedriverVersion: 92.0.4515.107 (87a818b10553..., userDataDir: C:\Users\SRISRE~1\AppData\L...}, goog:chromeOptions: {debuggerAddress: localhost:51124}, javascriptEnabled: true, networkConnectionEnabled: false, pageLoadStrategy: normal, platform: WINDOWS, platformName: WINDOWS, proxy: Proxy(), setWindowRect: true, strictFileInteractability: false, timeouts: {implicit: 0, pageLoad: 300000, script: 30000}, unhandledPromptBehavior: dismiss and notify, webauthn:extension:credBlob: true, webauthn:extension:largeBlob: true, webauthn:virtualAuthenticators: true}
Session ID: 748b0e9b72206a5857c3a0dd203e5330
	at sun.reflect.NativeConstructorAccessorImpl.newInstance0(Native Method)
	at sun.reflect.NativeConstructorAccessorImpl.newInstance(NativeConstructorAccessorImpl.java:62)
	at sun.reflect.DelegatingConstructorAccessorImpl.newInstance(DelegatingConstructorAccessorImpl.java:45)
	at java.lang.reflect.Constructor.newInstance(Constructor.java:423)
	at org.openqa.selenium.remote.http.W3CHttpResponseCodec.createException(W3CHttpResponseCodec.java:187)
	at org.openqa.selenium.remote.http.W3CHttpResponseCodec.decode(W3CHttpResponseCodec.java:122)
	at org.openqa.selenium.remote.http.W3CHttpResponseCodec.decode(W3CHttpResponseCodec.java:49)
	at org.openqa.selenium.remote.HttpCommandExecutor.execute(HttpCommandExecutor.java:158)
	at org.openqa.selenium.remote.service.DriverCommandExecutor.execute(DriverCommandExecutor.java:83)
	at org.openqa.selenium.remote.RemoteWebDriver.execute(RemoteWebDriver.java:552)
	at org.openqa.selenium.remote.RemoteWebDriver.get(RemoteWebDriver.java:277)
	at cucumberpracticeProject.DriverInitialisation.invokeDriver(DriverInitialisation.java:14)
	at cucumberpracticeProject.StepDefinition.Hooks.callDriver(Hooks.java:17)
]]></failure>
</testcase>
<testcase classname="Basic for report practice" name="Facebook login 2" time="59.151">
<system-out><![CDATA[Given when user enter username "merla" and password "devi"..................passed
When click on submit........................................................passed
Then error displays.........................................................passed
]]></system-out>
</testcase>
<testcase classname="Basic for report practice" name="Facebook login 3" time="68.825">
<failure message="session not created&#10;from disconnected: received Inspector.detached event&#10;  (Session info: chrome=92.0.4515.107)&#10;Build info: version: '3.141.59', revision: 'e82be7d358', time: '2018-11-14T08:17:03'&#10;System info: host: 'DESKTOP-H804N15', ip: '192.168.0.125', os.name: 'Windows 10', os.arch: 'amd64', os.version: '10.0', java.version: '1.8.0_251'&#10;Driver info: driver.version: ChromeDriver&#10;remote stacktrace: Backtrace:&#10;&#9;Ordinal0 [0x00522A33+2501171]&#10;&#9;Ordinal0 [0x004BD1C1+2085313]&#10;&#9;Ordinal0 [0x003C1FA8+1056680]&#10;&#9;Ordinal0 [0x003B5474+1004660]&#10;&#9;Ordinal0 [0x003B50B6+1003702]&#10;&#9;Ordinal0 [0x003B47FA+1001466]&#10;&#9;Ordinal0 [0x003B398D+997773]&#10;&#9;Ordinal0 [0x003B3D57+998743]&#10;&#9;Ordinal0 [0x003C9D20+1088800]&#10;&#9;Ordinal0 [0x003C41DB+1065435]&#10;&#9;Ordinal0 [0x003C3D55+1064277]&#10;&#9;Ordinal0 [0x003C455B+1066331]&#10;&#9;Ordinal0 [0x003C4800+1067008]&#10;&#9;Ordinal0 [0x0040AAA8+1354408]&#10;&#9;Ordinal0 [0x0040960A+1349130]&#10;&#9;Ordinal0 [0x0040551B+1332507]&#10;&#9;Ordinal0 [0x003E1D74+1187188]&#10;&#9;Ordinal0 [0x003E2BD9+1190873]&#10;&#9;GetHandleVerifier [0x0069EFE6+1504438]&#10;&#9;GetHandleVerifier [0x0074DDA5+2220661]&#10;&#9;GetHandleVerifier [0x005A5589+481881]&#10;&#9;GetHandleVerifier [0x005A4639+477961]&#10;&#9;Ordinal0 [0x004C28BD+2107581]&#10;&#9;Ordinal0 [0x004C6728+2123560]&#10;&#9;Ordinal0 [0x004C6862+2123874]&#10;&#9;Ordinal0 [0x004CFA81+2161281]&#10;&#9;BaseThreadInitThunk [0x7657FA29+25]&#10;&#9;RtlGetAppContainerNamedObjectPath [0x77B67A7E+286]&#10;&#9;RtlGetAppContainerNamedObjectPath [0x77B67A4E+238]&#10;" type="org.openqa.selenium.SessionNotCreatedException"><![CDATA[Given when user enter username "merla" and password "devi"..................skipped
When click on submit........................................................skipped
Then error displays.........................................................skipped

StackTrace:
org.openqa.selenium.SessionNotCreatedException: session not created
from disconnected: received Inspector.detached event
  (Session info: chrome=92.0.4515.107)
Build info: version: '3.141.59', revision: 'e82be7d358', time: '2018-11-14T08:17:03'
System info: host: 'DESKTOP-H804N15', ip: '192.168.0.125', os.name: 'Windows 10', os.arch: 'amd64', os.version: '10.0', java.version: '1.8.0_251'
Driver info: driver.version: ChromeDriver
remote stacktrace: Backtrace:
	Ordinal0 [0x00522A33+2501171]
	Ordinal0 [0x004BD1C1+2085313]
	Ordinal0 [0x003C1FA8+1056680]
	Ordinal0 [0x003B5474+1004660]
	Ordinal0 [0x003B50B6+1003702]
	Ordinal0 [0x003B47FA+1001466]
	Ordinal0 [0x003B398D+997773]
	Ordinal0 [0x003B3D57+998743]
	Ordinal0 [0x003C9D20+1088800]
	Ordinal0 [0x003C41DB+1065435]
	Ordinal0 [0x003C3D55+1064277]
	Ordinal0 [0x003C455B+1066331]
	Ordinal0 [0x003C4800+1067008]
	Ordinal0 [0x0040AAA8+1354408]
	Ordinal0 [0x0040960A+1349130]
	Ordinal0 [0x0040551B+1332507]
	Ordinal0 [0x003E1D74+1187188]
	Ordinal0 [0x003E2BD9+1190873]
	GetHandleVerifier [0x0069EFE6+1504438]
	GetHandleVerifier [0x0074DDA5+2220661]
	GetHandleVerifier [0x005A5589+481881]
	GetHandleVerifier [0x005A4639+477961]
	Ordinal0 [0x004C28BD+2107581]
	Ordinal0 [0x004C6728+2123560]
	Ordinal0 [0x004C6862+2123874]
	Ordinal0 [0x004CFA81+2161281]
	BaseThreadInitThunk [0x7657FA29+25]
	RtlGetAppContainerNamedObjectPath [0x77B67A7E+286]
	RtlGetAppContainerNamedObjectPath [0x77B67A4E+238]

	at sun.reflect.NativeConstructorAccessorImpl.newInstance0(Native Method)
	at sun.reflect.NativeConstructorAccessorImpl.newInstance(NativeConstructorAccessorImpl.java:62)
	at sun.reflect.DelegatingConstructorAccessorImpl.newInstance(DelegatingConstructorAccessorImpl.java:45)
	at java.lang.reflect.Constructor.newInstance(Constructor.java:423)
	at org.openqa.selenium.remote.W3CHandshakeResponse.lambda$errorHandler$0(W3CHandshakeResponse.java:62)
	at org.openqa.selenium.remote.HandshakeResponse.lambda$getResponseFunction$0(HandshakeResponse.java:30)
	at org.openqa.selenium.remote.ProtocolHandshake.lambda$createSession$0(ProtocolHandshake.java:126)
	at java.util.stream.ReferencePipeline$3$1.accept(ReferencePipeline.java:193)
	at java.util.Spliterators$ArraySpliterator.tryAdvance(Spliterators.java:958)
	at java.util.stream.ReferencePipeline.forEachWithCancel(ReferencePipeline.java:126)
	at java.util.stream.AbstractPipeline.copyIntoWithCancel(AbstractPipeline.java:499)
	at java.util.stream.AbstractPipeline.copyInto(AbstractPipeline.java:486)
	at java.util.stream.AbstractPipeline.wrapAndCopyInto(AbstractPipeline.java:472)
	at java.util.stream.FindOps$FindOp.evaluateSequential(FindOps.java:152)
	at java.util.stream.AbstractPipeline.evaluate(AbstractPipeline.java:234)
	at java.util.stream.ReferencePipeline.findFirst(ReferencePipeline.java:464)
	at org.openqa.selenium.remote.ProtocolHandshake.createSession(ProtocolHandshake.java:128)
	at org.openqa.selenium.remote.ProtocolHandshake.createSession(ProtocolHandshake.java:74)
	at org.openqa.selenium.remote.HttpCommandExecutor.execute(HttpCommandExecutor.java:136)
	at org.openqa.selenium.remote.service.DriverCommandExecutor.execute(DriverCommandExecutor.java:83)
	at org.openqa.selenium.remote.RemoteWebDriver.execute(RemoteWebDriver.java:552)
	at org.openqa.selenium.remote.RemoteWebDriver.startSession(RemoteWebDriver.java:213)
	at org.openqa.selenium.remote.RemoteWebDriver.<init>(RemoteWebDriver.java:131)
	at org.openqa.selenium.chrome.ChromeDriver.<init>(ChromeDriver.java:181)
	at org.openqa.selenium.chrome.ChromeDriver.<init>(ChromeDriver.java:168)
	at org.openqa.selenium.chrome.ChromeDriver.<init>(ChromeDriver.java:123)
	at cucumberpracticeProject.DriverInitialisation.invokeDriver(DriverInitialisation.java:13)
	at cucumberpracticeProject.StepDefinition.Hooks.callDriver(Hooks.java:17)
]]></failure>
</testcase>
<testcase classname="Basic for report practice" name="Facebook login 4" time="53.496">
<failure message="unknown error: cannot determine loading status&#10;from disconnected: received Inspector.detached event&#10;  (Session info: chrome=92.0.4515.107)&#10;Build info: version: '3.141.59', revision: 'e82be7d358', time: '2018-11-14T08:17:03'&#10;System info: host: 'DESKTOP-H804N15', ip: '192.168.0.125', os.name: 'Windows 10', os.arch: 'amd64', os.version: '10.0', java.version: '1.8.0_251'&#10;Driver info: org.openqa.selenium.chrome.ChromeDriver&#10;Capabilities {acceptInsecureCerts: false, browserName: chrome, browserVersion: 92.0.4515.107, chrome: {chromedriverVersion: 92.0.4515.107 (87a818b10553..., userDataDir: C:\Users\SRISRE~1\AppData\L...}, goog:chromeOptions: {debuggerAddress: localhost:51123}, javascriptEnabled: true, networkConnectionEnabled: false, pageLoadStrategy: normal, platform: WINDOWS, platformName: WINDOWS, proxy: Proxy(), setWindowRect: true, strictFileInteractability: false, timeouts: {implicit: 0, pageLoad: 300000, script: 30000}, unhandledPromptBehavior: dismiss and notify, webauthn:extension:credBlob: true, webauthn:extension:largeBlob: true, webauthn:virtualAuthenticators: true}&#10;Session ID: 68aa53dc2006b6df5da27de5bf997ef3" type="org.openqa.selenium.WebDriverException"><![CDATA[Given when user enter username "merla" and password "devi"..................skipped
When click on submit........................................................skipped
Then error displays.........................................................skipped

StackTrace:
org.openqa.selenium.WebDriverException: unknown error: cannot determine loading status
from disconnected: received Inspector.detached event
  (Session info: chrome=92.0.4515.107)
Build info: version: '3.141.59', revision: 'e82be7d358', time: '2018-11-14T08:17:03'
System info: host: 'DESKTOP-H804N15', ip: '192.168.0.125', os.name: 'Windows 10', os.arch: 'amd64', os.version: '10.0', java.version: '1.8.0_251'
Driver info: org.openqa.selenium.chrome.ChromeDriver
Capabilities {acceptInsecureCerts: false, browserName: chrome, browserVersion: 92.0.4515.107, chrome: {chromedriverVersion: 92.0.4515.107 (87a818b10553..., userDataDir: C:\Users\SRISRE~1\AppData\L...}, goog:chromeOptions: {debuggerAddress: localhost:51123}, javascriptEnabled: true, networkConnectionEnabled: false, pageLoadStrategy: normal, platform: WINDOWS, platformName: WINDOWS, proxy: Proxy(), setWindowRect: true, strictFileInteractability: false, timeouts: {implicit: 0, pageLoad: 300000, script: 30000}, unhandledPromptBehavior: dismiss and notify, webauthn:extension:credBlob: true, webauthn:extension:largeBlob: true, webauthn:virtualAuthenticators: true}
Session ID: 68aa53dc2006b6df5da27de5bf997ef3
	at sun.reflect.NativeConstructorAccessorImpl.newInstance0(Native Method)
	at sun.reflect.NativeConstructorAccessorImpl.newInstance(NativeConstructorAccessorImpl.java:62)
	at sun.reflect.DelegatingConstructorAccessorImpl.newInstance(DelegatingConstructorAccessorImpl.java:45)
	at java.lang.reflect.Constructor.newInstance(Constructor.java:423)
	at org.openqa.selenium.remote.http.W3CHttpResponseCodec.createException(W3CHttpResponseCodec.java:187)
	at org.openqa.selenium.remote.http.W3CHttpResponseCodec.decode(W3CHttpResponseCodec.java:122)
	at org.openqa.selenium.remote.http.W3CHttpResponseCodec.decode(W3CHttpResponseCodec.java:49)
	at org.openqa.selenium.remote.HttpCommandExecutor.execute(HttpCommandExecutor.java:158)
	at org.openqa.selenium.remote.service.DriverCommandExecutor.execute(DriverCommandExecutor.java:83)
	at org.openqa.selenium.remote.RemoteWebDriver.execute(RemoteWebDriver.java:552)
	at org.openqa.selenium.remote.RemoteWebDriver.get(RemoteWebDriver.java:277)
	at cucumberpracticeProject.DriverInitialisation.invokeDriver(DriverInitialisation.java:14)
	at cucumberpracticeProject.StepDefinition.Hooks.callDriver(Hooks.java:17)
]]></failure>
</testcase>
</testsuite>
