<?xml version="1.0" encoding="UTF-8"?>
<testng-results skipped="0" failed="3" ignored="0" total="4" passed="1">
  <reporter-output>
  </reporter-output>
  <suite name="cucumberpracticeProject.TestRunner.TestRunner" duration-ms="82754" started-at="2021-07-31T07:19:40 IST" finished-at="2021-07-31T07:21:03 IST">
    <groups>
      <group name="cucumber">
        <method signature="AbstractTestNGCucumberTests.runScenario(io.cucumber.testng.PickleWrapper,io.cucumber.testng.FeatureWrapper)[pri:0, instance:cucumberpracticeProject.TestRunner.TestRunner@3a883ce7]" name="runScenario" class="io.cucumber.testng.AbstractTestNGCucumberTests"/>
      </group> <!-- cucumber -->
    </groups>
    <test name="Command line test" duration-ms="82754" started-at="2021-07-31T07:19:40 IST" finished-at="2021-07-31T07:21:03 IST">
      <class name="cucumberpracticeProject.TestRunner.TestRunner">
        <test-method status="PASS" signature="setUpClass()[pri:0, instance:cucumberpracticeProject.TestRunner.TestRunner@3a883ce7]" name="setUpClass" is-config="true" duration-ms="7518" started-at="2021-07-31T07:19:41 IST" finished-at="2021-07-31T07:19:48 IST">
          <reporter-output>
          </reporter-output>
        </test-method> <!-- setUpClass -->
        <test-method status="FAIL" signature="runScenario(io.cucumber.testng.PickleWrapper,io.cucumber.testng.FeatureWrapper)[pri:0, instance:cucumberpracticeProject.TestRunner.TestRunner@3a883ce7]" name="runScenario" duration-ms="55231" started-at="2021-07-31T07:19:48 IST" description="Runs Cucumber Scenarios" data-provider="scenarios" finished-at="2021-07-31T07:20:44 IST">
          <params>
            <param index="0">
              <value>
                <![CDATA["Facebook login"]]>
              </value>
            </param>
            <param index="1">
              <value>
                <![CDATA["Optional[Basic for report practice]"]]>
              </value>
            </param>
          </params>
          <exception class="org.openqa.selenium.WebDriverException">
            <message>
              <![CDATA[unknown error: cannot determine loading status
from disconnected: received Inspector.detached event
  (Session info: chrome=92.0.4515.107)
Build info: version: '3.141.59', revision: 'e82be7d358', time: '2018-11-14T08:17:03'
System info: host: 'DESKTOP-H804N15', ip: '192.168.0.125', os.name: 'Windows 10', os.arch: 'amd64', os.version: '10.0', java.version: '1.8.0_251'
Driver info: org.openqa.selenium.chrome.ChromeDriver
Capabilities {acceptInsecureCerts: false, browserName: chrome, browserVersion: 92.0.4515.107, chrome: {chromedriverVersion: 92.0.4515.107 (87a818b10553..., userDataDir: C:\Users\SRISRE~1\AppData\L...}, goog:chromeOptions: {debuggerAddress: localhost:51123}, javascriptEnabled: true, networkConnectionEnabled: false, pageLoadStrategy: normal, platform: WINDOWS, platformName: WINDOWS, proxy: Proxy(), setWindowRect: true, strictFileInteractability: false, timeouts: {implicit: 0, pageLoad: 300000, script: 30000}, unhandledPromptBehavior: dismiss and notify, webauthn:extension:credBlob: true, webauthn:extension:largeBlob: true, webauthn:virtualAuthenticators: true}
Session ID: 68aa53dc2006b6df5da27de5bf997ef3]]>
            </message>
            <full-stacktrace>
              <![CDATA[org.openqa.selenium.WebDriverException: unknown error: cannot determine loading status
from disconnected: received Inspector.detached event
  (Session info: chrome=92.0.4515.107)
Build info: version: '3.141.59', revision: 'e82be7d358', time: '2018-11-14T08:17:03'
System info: host: 'DESKTOP-H804N15', ip: '192.168.0.125', os.name: 'Windows 10', os.arch: 'amd64', os.version: '10.0', java.version: '1.8.0_251'
Driver info: org.openqa.selenium.chrome.ChromeDriver
Capabilities {acceptInsecureCerts: false, browserName: chrome, browserVersion: 92.0.4515.107, chrome: {chromedriverVersion: 92.0.4515.107 (87a818b10553..., userDataDir: C:\Users\SRISRE~1\AppData\L...}, goog:chromeOptions: {debuggerAddress: localhost:51123}, javascriptEnabled: true, networkConnectionEnabled: false, pageLoadStrategy: normal, platform: WINDOWS, platformName: WINDOWS, proxy: Proxy(), setWindowRect: true, strictFileInteractability: false, timeouts: {implicit: 0, pageLoad: 300000, script: 30000}, unhandledPromptBehavior: dismiss and notify, webauthn:extension:credBlob: true, webauthn:extension:largeBlob: true, webauthn:virtualAuthenticators: true}
Session ID: 68aa53dc2006b6df5da27de5bf997ef3
at sun.reflect.NativeConstructorAccessorImpl.newInstance0(Native Method)
at sun.reflect.NativeConstructorAccessorImpl.newInstance(NativeConstructorAccessorImpl.java:62)
at sun.reflect.DelegatingConstructorAccessorImpl.newInstance(DelegatingConstructorAccessorImpl.java:45)
at java.lang.reflect.Constructor.newInstance(Constructor.java:423)
at org.openqa.selenium.remote.http.W3CHttpResponseCodec.createException(W3CHttpResponseCodec.java:187)
at org.openqa.selenium.remote.http.W3CHttpResponseCodec.decode(W3CHttpResponseCodec.java:122)
at org.openqa.selenium.remote.http.W3CHttpResponseCodec.decode(W3CHttpResponseCodec.java:49)
at org.openqa.selenium.remote.HttpCommandExecutor.execute(HttpCommandExecutor.java:158)
at org.openqa.selenium.remote.service.DriverCommandExecutor.execute(DriverCommandExecutor.java:83)
at org.openqa.selenium.remote.RemoteWebDriver.execute(RemoteWebDriver.java:552)
at org.openqa.selenium.remote.RemoteWebDriver.get(RemoteWebDriver.java:277)
at cucumberpracticeProject.DriverInitialisation.invokeDriver(DriverInitialisation.java:14)
at cucumberpracticeProject.StepDefinition.Hooks.callDriver(Hooks.java:17)
]]>
            </full-stacktrace>
          </exception> <!-- org.openqa.selenium.WebDriverException -->
          <reporter-output>
          </reporter-output>
        </test-method> <!-- runScenario -->
        <test-method status="FAIL" signature="runScenario(io.cucumber.testng.PickleWrapper,io.cucumber.testng.FeatureWrapper)[pri:0, instance:cucumberpracticeProject.TestRunner.TestRunner@3a883ce7]" name="runScenario" duration-ms="55230" started-at="2021-07-31T07:19:48 IST" description="Runs Cucumber Scenarios" data-provider="scenarios" finished-at="2021-07-31T07:20:44 IST">
          <params>
            <param index="0">
              <value>
                <![CDATA["Facebook login"]]>
              </value>
            </param>
            <param index="1">
              <value>
                <![CDATA["Optional[Basic for report practice]"]]>
              </value>
            </param>
          </params>
          <exception class="org.openqa.selenium.WebDriverException">
            <message>
              <![CDATA[unknown error: cannot determine loading status
from disconnected: unable to send message to renderer
  (Session info: chrome=92.0.4515.107)
Build info: version: '3.141.59', revision: 'e82be7d358', time: '2018-11-14T08:17:03'
System info: host: 'DESKTOP-H804N15', ip: '192.168.0.125', os.name: 'Windows 10', os.arch: 'amd64', os.version: '10.0', java.version: '1.8.0_251'
Driver info: org.openqa.selenium.chrome.ChromeDriver
Capabilities {acceptInsecureCerts: false, browserName: chrome, browserVersion: 92.0.4515.107, chrome: {chromedriverVersion: 92.0.4515.107 (87a818b10553..., userDataDir: C:\Users\SRISRE~1\AppData\L...}, goog:chromeOptions: {debuggerAddress: localhost:51124}, javascriptEnabled: true, networkConnectionEnabled: false, pageLoadStrategy: normal, platform: WINDOWS, platformName: WINDOWS, proxy: Proxy(), setWindowRect: true, strictFileInteractability: false, timeouts: {implicit: 0, pageLoad: 300000, script: 30000}, unhandledPromptBehavior: dismiss and notify, webauthn:extension:credBlob: true, webauthn:extension:largeBlob: true, webauthn:virtualAuthenticators: true}
Session ID: 748b0e9b72206a5857c3a0dd203e5330]]>
            </message>
            <full-stacktrace>
              <![CDATA[org.openqa.selenium.WebDriverException: unknown error: cannot determine loading status
from disconnected: unable to send message to renderer
  (Session info: chrome=92.0.4515.107)
Build info: version: '3.141.59', revision: 'e82be7d358', time: '2018-11-14T08:17:03'
System info: host: 'DESKTOP-H804N15', ip: '192.168.0.125', os.name: 'Windows 10', os.arch: 'amd64', os.version: '10.0', java.version: '1.8.0_251'
Driver info: org.openqa.selenium.chrome.ChromeDriver
Capabilities {acceptInsecureCerts: false, browserName: chrome, browserVersion: 92.0.4515.107, chrome: {chromedriverVersion: 92.0.4515.107 (87a818b10553..., userDataDir: C:\Users\SRISRE~1\AppData\L...}, goog:chromeOptions: {debuggerAddress: localhost:51124}, javascriptEnabled: true, networkConnectionEnabled: false, pageLoadStrategy: normal, platform: WINDOWS, platformName: WINDOWS, proxy: Proxy(), setWindowRect: true, strictFileInteractability: false, timeouts: {implicit: 0, pageLoad: 300000, script: 30000}, unhandledPromptBehavior: dismiss and notify, webauthn:extension:credBlob: true, webauthn:extension:largeBlob: true, webauthn:virtualAuthenticators: true}
Session ID: 748b0e9b72206a5857c3a0dd203e5330
at sun.reflect.NativeConstructorAccessorImpl.newInstance0(Native Method)
at sun.reflect.NativeConstructorAccessorImpl.newInstance(NativeConstructorAccessorImpl.java:62)
at sun.reflect.DelegatingConstructorAccessorImpl.newInstance(DelegatingConstructorAccessorImpl.java:45)
at java.lang.reflect.Constructor.newInstance(Constructor.java:423)
at org.openqa.selenium.remote.http.W3CHttpResponseCodec.createException(W3CHttpResponseCodec.java:187)
at org.openqa.selenium.remote.http.W3CHttpResponseCodec.decode(W3CHttpResponseCodec.java:122)
at org.openqa.selenium.remote.http.W3CHttpResponseCodec.decode(W3CHttpResponseCodec.java:49)
at org.openqa.selenium.remote.HttpCommandExecutor.execute(HttpCommandExecutor.java:158)
at org.openqa.selenium.remote.service.DriverCommandExecutor.execute(DriverCommandExecutor.java:83)
at org.openqa.selenium.remote.RemoteWebDriver.execute(RemoteWebDriver.java:552)
at org.openqa.selenium.remote.RemoteWebDriver.get(RemoteWebDriver.java:277)
at cucumberpracticeProject.DriverInitialisation.invokeDriver(DriverInitialisation.java:14)
at cucumberpracticeProject.StepDefinition.Hooks.callDriver(Hooks.java:17)
]]>
            </full-stacktrace>
          </exception> <!-- org.openqa.selenium.WebDriverException -->
          <reporter-output>
          </reporter-output>
        </test-method> <!-- runScenario -->
        <test-method status="PASS" signature="runScenario(io.cucumber.testng.PickleWrapper,io.cucumber.testng.FeatureWrapper)[pri:0, instance:cucumberpracticeProject.TestRunner.TestRunner@3a883ce7]" name="runScenario" duration-ms="59809" started-at="2021-07-31T07:19:48 IST" description="Runs Cucumber Scenarios" data-provider="scenarios" finished-at="2021-07-31T07:20:48 IST">
          <params>
            <param index="0">
              <value>
                <![CDATA["Facebook login"]]>
              </value>
            </param>
            <param index="1">
              <value>
                <![CDATA["Optional[Basic for report practice]"]]>
              </value>
            </param>
          </params>
          <reporter-output>
          </reporter-output>
        </test-method> <!-- runScenario -->
        <test-method status="FAIL" signature="runScenario(io.cucumber.testng.PickleWrapper,io.cucumber.testng.FeatureWrapper)[pri:0, instance:cucumberpracticeProject.TestRunner.TestRunner@3a883ce7]" name="runScenario" duration-ms="69450" started-at="2021-07-31T07:19:48 IST" description="Runs Cucumber Scenarios" data-provider="scenarios" finished-at="2021-07-31T07:20:58 IST">
          <params>
            <param index="0">
              <value>
                <![CDATA["Facebook login"]]>
              </value>
            </param>
            <param index="1">
              <value>
                <![CDATA["Optional[Basic for report practice]"]]>
              </value>
            </param>
          </params>
          <exception class="org.openqa.selenium.SessionNotCreatedException">
            <message>
              <![CDATA[session not created
from disconnected: received Inspector.detached event
  (Session info: chrome=92.0.4515.107)
Build info: version: '3.141.59', revision: 'e82be7d358', time: '2018-11-14T08:17:03'
System info: host: 'DESKTOP-H804N15', ip: '192.168.0.125', os.name: 'Windows 10', os.arch: 'amd64', os.version: '10.0', java.version: '1.8.0_251'
Driver info: driver.version: ChromeDriver
remote stacktrace: Backtrace:
Ordinal0 [0x00522A33+2501171]
Ordinal0 [0x004BD1C1+2085313]
Ordinal0 [0x003C1FA8+1056680]
Ordinal0 [0x003B5474+1004660]
Ordinal0 [0x003B50B6+1003702]
Ordinal0 [0x003B47FA+1001466]
Ordinal0 [0x003B398D+997773]
Ordinal0 [0x003B3D57+998743]
Ordinal0 [0x003C9D20+1088800]
Ordinal0 [0x003C41DB+1065435]
Ordinal0 [0x003C3D55+1064277]
Ordinal0 [0x003C455B+1066331]
Ordinal0 [0x003C4800+1067008]
Ordinal0 [0x0040AAA8+1354408]
Ordinal0 [0x0040960A+1349130]
Ordinal0 [0x0040551B+1332507]
Ordinal0 [0x003E1D74+1187188]
Ordinal0 [0x003E2BD9+1190873]
GetHandleVerifier [0x0069EFE6+1504438]
GetHandleVerifier [0x0074DDA5+2220661]
GetHandleVerifier [0x005A5589+481881]
GetHandleVerifier [0x005A4639+477961]
Ordinal0 [0x004C28BD+2107581]
Ordinal0 [0x004C6728+2123560]
Ordinal0 [0x004C6862+2123874]
Ordinal0 [0x004CFA81+2161281]
BaseThreadInitThunk [0x7657FA29+25]
RtlGetAppContainerNamedObjectPath [0x77B67A7E+286]
RtlGetAppContainerNamedObjectPath [0x77B67A4E+238]
]]>
            </message>
            <full-stacktrace>
              <![CDATA[org.openqa.selenium.SessionNotCreatedException: session not created
from disconnected: received Inspector.detached event
  (Session info: chrome=92.0.4515.107)
Build info: version: '3.141.59', revision: 'e82be7d358', time: '2018-11-14T08:17:03'
System info: host: 'DESKTOP-H804N15', ip: '192.168.0.125', os.name: 'Windows 10', os.arch: 'amd64', os.version: '10.0', java.version: '1.8.0_251'
Driver info: driver.version: ChromeDriver
remote stacktrace: Backtrace:
Ordinal0 [0x00522A33+2501171]
Ordinal0 [0x004BD1C1+2085313]
Ordinal0 [0x003C1FA8+1056680]
Ordinal0 [0x003B5474+1004660]
Ordinal0 [0x003B50B6+1003702]
Ordinal0 [0x003B47FA+1001466]
Ordinal0 [0x003B398D+997773]
Ordinal0 [0x003B3D57+998743]
Ordinal0 [0x003C9D20+1088800]
Ordinal0 [0x003C41DB+1065435]
Ordinal0 [0x003C3D55+1064277]
Ordinal0 [0x003C455B+1066331]
Ordinal0 [0x003C4800+1067008]
Ordinal0 [0x0040AAA8+1354408]
Ordinal0 [0x0040960A+1349130]
Ordinal0 [0x0040551B+1332507]
Ordinal0 [0x003E1D74+1187188]
Ordinal0 [0x003E2BD9+1190873]
GetHandleVerifier [0x0069EFE6+1504438]
GetHandleVerifier [0x0074DDA5+2220661]
GetHandleVerifier [0x005A5589+481881]
GetHandleVerifier [0x005A4639+477961]
Ordinal0 [0x004C28BD+2107581]
Ordinal0 [0x004C6728+2123560]
Ordinal0 [0x004C6862+2123874]
Ordinal0 [0x004CFA81+2161281]
BaseThreadInitThunk [0x7657FA29+25]
RtlGetAppContainerNamedObjectPath [0x77B67A7E+286]
RtlGetAppContainerNamedObjectPath [0x77B67A4E+238]

at sun.reflect.NativeConstructorAccessorImpl.newInstance0(Native Method)
at sun.reflect.NativeConstructorAccessorImpl.newInstance(NativeConstructorAccessorImpl.java:62)
at sun.reflect.DelegatingConstructorAccessorImpl.newInstance(DelegatingConstructorAccessorImpl.java:45)
at java.lang.reflect.Constructor.newInstance(Constructor.java:423)
at org.openqa.selenium.remote.W3CHandshakeResponse.lambda$errorHandler$0(W3CHandshakeResponse.java:62)
at org.openqa.selenium.remote.HandshakeResponse.lambda$getResponseFunction$0(HandshakeResponse.java:30)
at org.openqa.selenium.remote.ProtocolHandshake.lambda$createSession$0(ProtocolHandshake.java:126)
at java.util.stream.ReferencePipeline$3$1.accept(ReferencePipeline.java:193)
at java.util.Spliterators$ArraySpliterator.tryAdvance(Spliterators.java:958)
at java.util.stream.ReferencePipeline.forEachWithCancel(ReferencePipeline.java:126)
at java.util.stream.AbstractPipeline.copyIntoWithCancel(AbstractPipeline.java:499)
at java.util.stream.AbstractPipeline.copyInto(AbstractPipeline.java:486)
at java.util.stream.AbstractPipeline.wrapAndCopyInto(AbstractPipeline.java:472)
at java.util.stream.FindOps$FindOp.evaluateSequential(FindOps.java:152)
at java.util.stream.AbstractPipeline.evaluate(AbstractPipeline.java:234)
at java.util.stream.ReferencePipeline.findFirst(ReferencePipeline.java:464)
at org.openqa.selenium.remote.ProtocolHandshake.createSession(ProtocolHandshake.java:128)
at org.openqa.selenium.remote.ProtocolHandshake.createSession(ProtocolHandshake.java:74)
at org.openqa.selenium.remote.HttpCommandExecutor.execute(HttpCommandExecutor.java:136)
at org.openqa.selenium.remote.service.DriverCommandExecutor.execute(DriverCommandExecutor.java:83)
at org.openqa.selenium.remote.RemoteWebDriver.execute(RemoteWebDriver.java:552)
at org.openqa.selenium.remote.RemoteWebDriver.startSession(RemoteWebDriver.java:213)
at org.openqa.selenium.remote.RemoteWebDriver.<init>(RemoteWebDriver.java:131)
at org.openqa.selenium.chrome.ChromeDriver.<init>(ChromeDriver.java:181)
at org.openqa.selenium.chrome.ChromeDriver.<init>(ChromeDriver.java:168)
at org.openqa.selenium.chrome.ChromeDriver.<init>(ChromeDriver.java:123)
at cucumberpracticeProject.DriverInitialisation.invokeDriver(DriverInitialisation.java:13)
at cucumberpracticeProject.StepDefinition.Hooks.callDriver(Hooks.java:17)
]]>
            </full-stacktrace>
          </exception> <!-- org.openqa.selenium.SessionNotCreatedException -->
          <reporter-output>
          </reporter-output>
        </test-method> <!-- runScenario -->
        <test-method status="PASS" signature="tearDownClass()[pri:0, instance:cucumberpracticeProject.TestRunner.TestRunner@3a883ce7]" name="tearDownClass" is-config="true" duration-ms="5177" started-at="2021-07-31T07:20:58 IST" finished-at="2021-07-31T07:21:03 IST">
          <reporter-output>
          </reporter-output>
        </test-method> <!-- tearDownClass -->
      </class> <!-- cucumberpracticeProject.TestRunner.TestRunner -->
    </test> <!-- Command line test -->
  </suite> <!-- cucumberpracticeProject.TestRunner.TestRunner -->
</testng-results>
