<?xml version="1.0" encoding="UTF-8" ?>
<testsuite tests="4" failures="4" name="cucumberpracticeProject.TestRunner.TestRunner" time="4.005" errors="0" skipped="0">
  <properties>
    <property name="java.runtime.name" value="Java(TM) SE Runtime Environment"/>
    <property name="sun.boot.library.path" value="C:\Program Files\Java\jdk1.8.0_251\jre\bin"/>
    <property name="java.vm.version" value="25.251-b08"/>
    <property name="java.vm.vendor" value="Oracle Corporation"/>
    <property name="maven.multiModuleProjectDirectory" value="G:\CucumberProjectPractice\cucumberpracticeProject"/>
    <property name="java.vendor.url" value="http://java.oracle.com/"/>
    <property name="path.separator" value=";"/>
    <property name="guice.disable.misplaced.annotation.check" value="true"/>
    <property name="java.vm.name" value="Java HotSpot(TM) 64-Bit Server VM"/>
    <property name="file.encoding.pkg" value="sun.io"/>
    <property name="user.script" value=""/>
    <property name="user.country" value="US"/>
    <property name="sun.java.launcher" value="SUN_STANDARD"/>
    <property name="sun.os.patch.level" value=""/>
    <property name="java.vm.specification.name" value="Java Virtual Machine Specification"/>
    <property name="user.dir" value="G:\CucumberProjectPractice\cucumberpracticeProject"/>
    <property name="java.runtime.version" value="1.8.0_251-b08"/>
    <property name="java.awt.graphicsenv" value="sun.awt.Win32GraphicsEnvironment"/>
    <property name="java.endorsed.dirs" value="C:\Program Files\Java\jdk1.8.0_251\jre\lib\endorsed"/>
    <property name="os.arch" value="amd64"/>
    <property name="java.io.tmpdir" value="C:\Users\SRISRE~1\AppData\Local\Temp\"/>
    <property name="line.separator" value="
"/>
    <property name="java.vm.specification.vendor" value="Oracle Corporation"/>
    <property name="user.variant" value=""/>
    <property name="os.name" value="Windows 10"/>
    <property name="classworlds.conf" value="C:\Eclipse-Oxygen-workspace\.metadata\.plugins\org.eclipse.m2e.launching\launches\m2conf7539148907276331905.tmp"/>
    <property name="sun.jnu.encoding" value="Cp1252"/>
    <property name="java.library.path" value="C:\Program Files\Java\jdk1.8.0_251\bin;C:\WINDOWS\Sun\Java\bin;C:\WINDOWS\system32;C:\WINDOWS;C:/Program Files/Java/jre1.8.0_291/bin/server;C:/Program Files/Java/jre1.8.0_291/bin;C:/Program Files/Java/jre1.8.0_291/lib/amd64;C:\ProgramData\Oracle\Java\javapath;C:\Program Files (x86)\Common Files\Oracle\Java\javapath;C:\Program Files (x86)\Intel\iCLS Client\;C:\Program Files\Intel\iCLS Client\;C:\WINDOWS\system32;C:\WINDOWS;C:\WINDOWS\System32\Wbem;C:\WINDOWS\System32\WindowsPowerShell\v1.0\;C:\Program Files\Intel\WiFi\bin\;C:\Program Files\Common Files\Intel\WirelessCommon\;C:\Program Files (x86)\Intel\Intel(R) Management Engine Components\DAL;C:\Program Files\Intel\Intel(R) Management Engine Components\DAL;C:\Program Files (x86)\Intel\Intel(R) Management Engine Components\IPT;C:\Program Files\Intel\Intel(R) Management Engine Components\IPT;C:\WINDOWS\System32\OpenSSH\;C:\apache-maven-3.6.3-bin\apache-maven-3.6.3\bin;C:\Program Files\Java\jdk1.8.0_251\bin;C:\Program Files\Git\cmd;C:\Program Files\nodejs\;C:\Program Files\MySQL\MySQL Shell 8.0\bin\;C:\Users\Sri Sree\AppData\Local\Microsoft\WindowsApps;C:\Users\Sri Sree\AppData\Roaming\npm;C:\Users\Sri Sree\Desktop\eclipse;;."/>
    <property name="java.specification.name" value="Java Platform API Specification"/>
    <property name="java.class.version" value="52.0"/>
    <property name="sun.management.compiler" value="HotSpot 64-Bit Tiered Compilers"/>
    <property name="os.version" value="10.0"/>
    <property name="user.home" value="C:\Users\Sri Sree"/>
    <property name="user.timezone" value="Asia/Calcutta"/>
    <property name="java.awt.printerjob" value="sun.awt.windows.WPrinterJob"/>
    <property name="java.specification.version" value="1.8"/>
    <property name="file.encoding" value="Cp1252"/>
    <property name="user.name" value="Sri Sree"/>
    <property name="java.class.path" value="C:\Users\Sri Sree\Desktop\eclipse\plugins\org.eclipse.m2e.maven.runtime_1.8.3.20180227-2135\jars\plexus-classworlds-2.5.2.jar"/>
    <property name="java.vm.specification.version" value="1.8"/>
    <property name="sun.arch.data.model" value="64"/>
    <property name="java.home" value="C:\Program Files\Java\jdk1.8.0_251\jre"/>
    <property name="sun.java.command" value="org.codehaus.plexus.classworlds.launcher.Launcher -B test"/>
    <property name="java.specification.vendor" value="Oracle Corporation"/>
    <property name="user.language" value="en"/>
    <property name="awt.toolkit" value="sun.awt.windows.WToolkit"/>
    <property name="java.vm.info" value="mixed mode"/>
    <property name="java.version" value="1.8.0_251"/>
    <property name="java.ext.dirs" value="C:\Program Files\Java\jdk1.8.0_251\jre\lib\ext;C:\WINDOWS\Sun\Java\lib\ext"/>
    <property name="sun.boot.class.path" value="C:\Program Files\Java\jdk1.8.0_251\jre\lib\resources.jar;C:\Program Files\Java\jdk1.8.0_251\jre\lib\rt.jar;C:\Program Files\Java\jdk1.8.0_251\jre\lib\sunrsasign.jar;C:\Program Files\Java\jdk1.8.0_251\jre\lib\jsse.jar;C:\Program Files\Java\jdk1.8.0_251\jre\lib\jce.jar;C:\Program Files\Java\jdk1.8.0_251\jre\lib\charsets.jar;C:\Program Files\Java\jdk1.8.0_251\jre\lib\jfr.jar;C:\Program Files\Java\jdk1.8.0_251\jre\classes"/>
    <property name="java.vendor" value="Oracle Corporation"/>
    <property name="maven.home" value="G:\CucumberProjectPractice\cucumberpracticeProject\EMBEDDED"/>
    <property name="file.separator" value="\"/>
    <property name="java.vendor.url.bug" value="http://bugreport.sun.com/bugreport/"/>
    <property name="sun.cpu.endian" value="little"/>
    <property name="sun.io.unicode.encoding" value="UnicodeLittle"/>
    <property name="sun.desktop" value="windows"/>
    <property name="sun.cpu.isalist" value="amd64"/>
  </properties>
  <testcase classname="cucumberpracticeProject.TestRunner.TestRunner" name="runScenario" time="0.935">
    <failure message="Invalid tag expression at &apos;cucumberpracticeProject.StepDefinition.Hooks.callDriver()&apos;" type="java.lang.IllegalArgumentException">java.lang.IllegalArgumentException: Invalid tag expression at &apos;cucumberpracticeProject.StepDefinition.Hooks.callDriver()&apos;
	at io.cucumber.core.runner.CoreHookDefinition.&lt;init&gt;(CoreHookDefinition.java:31)
	at io.cucumber.core.runner.CoreHookDefinition.create(CoreHookDefinition.java:42)
	at io.cucumber.core.runner.CachingGlue.addBeforeHook(CachingGlue.java:89)
	at io.cucumber.java.GlueAdaptor.addDefinition(GlueAdaptor.java:27)
	at io.cucumber.java.JavaBackend.lambda$loadGlue$1(JavaBackend.java:42)
	at io.cucumber.java.MethodScanner.scan(MethodScanner.java:65)
	at io.cucumber.java.MethodScanner.scan(MethodScanner.java:56)
	at io.cucumber.java.MethodScanner.scan(MethodScanner.java:31)
	at io.cucumber.java.JavaBackend.lambda$loadGlue$2(JavaBackend.java:40)
	at java.util.stream.ForEachOps$ForEachOp$OfRef.accept(ForEachOps.java:184)
	at java.util.ArrayList$ArrayListSpliterator.forEachRemaining(ArrayList.java:1382)
	at java.util.stream.ReferencePipeline$Head.forEach(ReferencePipeline.java:580)
	at java.util.stream.ReferencePipeline$7$1.accept(ReferencePipeline.java:270)
	at java.util.stream.ReferencePipeline$3$1.accept(ReferencePipeline.java:193)
	at java.util.stream.ReferencePipeline$3$1.accept(ReferencePipeline.java:193)
	at java.util.stream.ReferencePipeline$2$1.accept(ReferencePipeline.java:175)
	at java.util.ArrayList$ArrayListSpliterator.forEachRemaining(ArrayList.java:1382)
	at java.util.stream.AbstractPipeline.copyInto(AbstractPipeline.java:482)
	at java.util.stream.AbstractPipeline.wrapAndCopyInto(AbstractPipeline.java:472)
	at java.util.stream.ForEachOps$ForEachOp.evaluateSequential(ForEachOps.java:151)
	at java.util.stream.ForEachOps$ForEachOp$OfRef.evaluateSequential(ForEachOps.java:174)
	at java.util.stream.AbstractPipeline.evaluate(AbstractPipeline.java:234)
	at java.util.stream.ReferencePipeline.forEach(ReferencePipeline.java:418)
	at io.cucumber.java.JavaBackend.loadGlue(JavaBackend.java:40)
	at io.cucumber.core.runner.Runner.&lt;init&gt;(Runner.java:54)
	at io.cucumber.core.runtime.ThreadLocalRunnerSupplier.createRunner(ThreadLocalRunnerSupplier.java:51)
	at java.lang.ThreadLocal$SuppliedThreadLocal.initialValue(ThreadLocal.java:284)
	at java.lang.ThreadLocal.setInitialValue(ThreadLocal.java:180)
	at java.lang.ThreadLocal.get(ThreadLocal.java:170)
	at io.cucumber.core.runtime.ThreadLocalRunnerSupplier.get(ThreadLocalRunnerSupplier.java:43)
	at io.cucumber.core.runtime.CucumberExecutionContext.getRunner(CucumberExecutionContext.java:128)
	at io.cucumber.core.runtime.CucumberExecutionContext.runTestCase(CucumberExecutionContext.java:115)
	at io.cucumber.testng.TestNGCucumberRunner.runScenario(TestNGCucumberRunner.java:114)
	at io.cucumber.testng.AbstractTestNGCucumberTests.runScenario(AbstractTestNGCucumberTests.java:31)
	at sun.reflect.NativeMethodAccessorImpl.invoke0(Native Method)
	at sun.reflect.NativeMethodAccessorImpl.invoke(NativeMethodAccessorImpl.java:62)
	at sun.reflect.DelegatingMethodAccessorImpl.invoke(DelegatingMethodAccessorImpl.java:43)
	at java.lang.reflect.Method.invoke(Method.java:498)
	at org.testng.internal.MethodInvocationHelper.invokeMethod(MethodInvocationHelper.java:133)
	at org.testng.internal.TestInvoker.invokeMethod(TestInvoker.java:598)
	at org.testng.internal.TestInvoker.invokeTestMethod(TestInvoker.java:173)
	at org.testng.internal.TestMethodWithDataProviderMethodWorker.call(TestMethodWithDataProviderMethodWorker.java:77)
	at org.testng.internal.TestMethodWithDataProviderMethodWorker.call(TestMethodWithDataProviderMethodWorker.java:15)
	at java.util.concurrent.FutureTask.run(FutureTask.java:266)
	at java.util.concurrent.Executors$RunnableAdapter.call(Executors.java:511)
	at java.util.concurrent.FutureTask.run(FutureTask.java:266)
	at java.util.concurrent.ThreadPoolExecutor.runWorker(ThreadPoolExecutor.java:1149)
	at java.util.concurrent.ThreadPoolExecutor$Worker.run(ThreadPoolExecutor.java:624)
	at java.lang.Thread.run(Thread.java:748)
Caused by: io.cucumber.tagexpressions.TagExpressionException: Tag expression &apos;Sanity, smoke, regression&apos; could not be parsed because of syntax error: expected operator
	at io.cucumber.tagexpressions.TagExpressionParser.check(TagExpressionParser.java:136)
	at io.cucumber.tagexpressions.TagExpressionParser.parse(TagExpressionParser.java:74)
	at io.cucumber.tagexpressions.TagExpressionParser.parse(TagExpressionParser.java:27)
	at io.cucumber.core.runner.CoreHookDefinition.&lt;init&gt;(CoreHookDefinition.java:28)
	... 48 more
Caused by: io.cucumber.tagexpressions.TagExpressionException: Tag expression &apos;Sanity, smoke, regression&apos; could not be parsed because of syntax error: expected operator
	at io.cucumber.tagexpressions.TagExpressionParser.check(TagExpressionParser.java:136)
	at io.cucumber.tagexpressions.TagExpressionParser.parse(TagExpressionParser.java:74)
	at io.cucumber.tagexpressions.TagExpressionParser.parse(TagExpressionParser.java:27)
	at io.cucumber.core.runner.CoreHookDefinition.&lt;init&gt;(CoreHookDefinition.java:28)
	... 48 more
</failure>
    <system-out>Configuring TestNG with: org.apache.maven.surefire.testng.conf.TestNG652Configurator@5d3411d
</system-out>
    <system-err>Jul 31, 2021 7:18:06 AM io.cucumber.core.runtime.CucumberExecutionContext getRunner
SEVERE: Unable to start Cucumber
java.lang.IllegalArgumentException: Invalid tag expression at &apos;cucumberpracticeProject.StepDefinition.Hooks.callDriver()&apos;
	at io.cucumber.core.runner.CoreHookDefinition.&lt;init&gt;(CoreHookDefinition.java:31)
	at io.cucumber.core.runner.CoreHookDefinition.create(CoreHookDefinition.java:42)
	at io.cucumber.core.runner.CachingGlue.addBeforeHook(CachingGlue.java:89)
	at io.cucumber.java.GlueAdaptor.addDefinition(GlueAdaptor.java:27)
	at io.cucumber.java.JavaBackend.lambda$loadGlue$1(JavaBackend.java:42)
	at io.cucumber.java.MethodScanner.scan(MethodScanner.java:65)
	at io.cucumber.java.MethodScanner.scan(MethodScanner.java:56)
	at io.cucumber.java.MethodScanner.scan(MethodScanner.java:31)
	at io.cucumber.java.JavaBackend.lambda$loadGlue$2(JavaBackend.java:40)
	at java.util.stream.ForEachOps$ForEachOp$OfRef.accept(ForEachOps.java:184)
	at java.util.ArrayList$ArrayListSpliterator.forEachRemaining(ArrayList.java:1382)
	at java.util.stream.ReferencePipeline$Head.forEach(ReferencePipeline.java:580)
	at java.util.stream.ReferencePipeline$7$1.accept(ReferencePipeline.java:270)
	at java.util.stream.ReferencePipeline$3$1.accept(ReferencePipeline.java:193)
	at java.util.stream.ReferencePipeline$3$1.accept(ReferencePipeline.java:193)
	at java.util.stream.ReferencePipeline$2$1.accept(ReferencePipeline.java:175)
	at java.util.ArrayList$ArrayListSpliterator.forEachRemaining(ArrayList.java:1382)
	at java.util.stream.AbstractPipeline.copyInto(AbstractPipeline.java:482)
	at java.util.stream.AbstractPipeline.wrapAndCopyInto(AbstractPipeline.java:472)
	at java.util.stream.ForEachOps$ForEachOp.evaluateSequential(ForEachOps.java:151)
	at java.util.stream.ForEachOps$ForEachOp$OfRef.evaluateSequential(ForEachOps.java:174)
	at java.util.stream.AbstractPipeline.evaluate(AbstractPipeline.java:234)
	at java.util.stream.ReferencePipeline.forEach(ReferencePipeline.java:418)
	at io.cucumber.java.JavaBackend.loadGlue(JavaBackend.java:40)
	at io.cucumber.core.runner.Runner.&lt;init&gt;(Runner.java:54)
	at io.cucumber.core.runtime.ThreadLocalRunnerSupplier.createRunner(ThreadLocalRunnerSupplier.java:51)
	at java.lang.ThreadLocal$SuppliedThreadLocal.initialValue(ThreadLocal.java:284)
	at java.lang.ThreadLocal.setInitialValue(ThreadLocal.java:180)
	at java.lang.ThreadLocal.get(ThreadLocal.java:170)
	at io.cucumber.core.runtime.ThreadLocalRunnerSupplier.get(ThreadLocalRunnerSupplier.java:43)
	at io.cucumber.core.runtime.CucumberExecutionContext.getRunner(CucumberExecutionContext.java:128)
	at io.cucumber.core.runtime.CucumberExecutionContext.runTestCase(CucumberExecutionContext.java:115)
	at io.cucumber.testng.TestNGCucumberRunner.runScenario(TestNGCucumberRunner.java:114)
	at io.cucumber.testng.AbstractTestNGCucumberTests.runScenario(AbstractTestNGCucumberTests.java:31)
	at sun.reflect.NativeMethodAccessorImpl.invoke0(Native Method)
	at sun.reflect.NativeMethodAccessorImpl.invoke(NativeMethodAccessorImpl.java:62)
	at sun.reflect.DelegatingMethodAccessorImpl.invoke(DelegatingMethodAccessorImpl.java:43)
	at java.lang.reflect.Method.invoke(Method.java:498)
	at org.testng.internal.MethodInvocationHelper.invokeMethod(MethodInvocationHelper.java:133)
	at org.testng.internal.TestInvoker.invokeMethod(TestInvoker.java:598)
	at org.testng.internal.TestInvoker.invokeTestMethod(TestInvoker.java:173)
	at org.testng.internal.TestMethodWithDataProviderMethodWorker.call(TestMethodWithDataProviderMethodWorker.java:77)
	at org.testng.internal.TestMethodWithDataProviderMethodWorker.call(TestMethodWithDataProviderMethodWorker.java:15)
	at java.util.concurrent.FutureTask.run(FutureTask.java:266)
	at java.util.concurrent.Executors$RunnableAdapter.call(Executors.java:511)
	at java.util.concurrent.FutureTask.run(FutureTask.java:266)
	at java.util.concurrent.ThreadPoolExecutor.runWorker(ThreadPoolExecutor.java:1149)
	at java.util.concurrent.ThreadPoolExecutor$Worker.run(ThreadPoolExecutor.java:624)
	at java.lang.Thread.run(Thread.java:748)
Caused by: io.cucumber.tagexpressions.TagExpressionException: Tag expression &apos;Sanity, smoke, regression&apos; could not be parsed because of syntax error: expected operator
	at io.cucumber.tagexpressions.TagExpressionParser.check(TagExpressionParser.java:136)
	at io.cucumber.tagexpressions.TagExpressionParser.parse(TagExpressionParser.java:74)
	at io.cucumber.tagexpressions.TagExpressionParser.parse(TagExpressionParser.java:27)
	at io.cucumber.core.runner.CoreHookDefinition.&lt;init&gt;(CoreHookDefinition.java:28)
	... 48 more

Jul 31, 2021 7:18:06 AM io.cucumber.core.runtime.CucumberExecutionContext getRunner
SEVERE: Unable to start Cucumber
java.lang.IllegalArgumentException: Invalid tag expression at &apos;cucumberpracticeProject.StepDefinition.Hooks.callDriver()&apos;
	at io.cucumber.core.runner.CoreHookDefinition.&lt;init&gt;(CoreHookDefinition.java:31)
	at io.cucumber.core.runner.CoreHookDefinition.create(CoreHookDefinition.java:42)
	at io.cucumber.core.runner.CachingGlue.addBeforeHook(CachingGlue.java:89)
	at io.cucumber.java.GlueAdaptor.addDefinition(GlueAdaptor.java:27)
	at io.cucumber.java.JavaBackend.lambda$loadGlue$1(JavaBackend.java:42)
	at io.cucumber.java.MethodScanner.scan(MethodScanner.java:65)
	at io.cucumber.java.MethodScanner.scan(MethodScanner.java:56)
	at io.cucumber.java.MethodScanner.scan(MethodScanner.java:31)
	at io.cucumber.java.JavaBackend.lambda$loadGlue$2(JavaBackend.java:40)
	at java.util.stream.ForEachOps$ForEachOp$OfRef.accept(ForEachOps.java:184)
	at java.util.ArrayList$ArrayListSpliterator.forEachRemaining(ArrayList.java:1382)
	at java.util.stream.ReferencePipeline$Head.forEach(ReferencePipeline.java:580)
	at java.util.stream.ReferencePipeline$7$1.accept(ReferencePipeline.java:270)
	at java.util.stream.ReferencePipeline$3$1.accept(ReferencePipeline.java:193)
	at java.util.stream.ReferencePipeline$3$1.accept(ReferencePipeline.java:193)
	at java.util.stream.ReferencePipeline$2$1.accept(ReferencePipeline.java:175)
	at java.util.ArrayList$ArrayListSpliterator.forEachRemaining(ArrayList.java:1382)
	at java.util.stream.AbstractPipeline.copyInto(AbstractPipeline.java:482)
	at java.util.stream.AbstractPipeline.wrapAndCopyInto(AbstractPipeline.java:472)
	at java.util.stream.ForEachOps$ForEachOp.evaluateSequential(ForEachOps.java:151)
	at java.util.stream.ForEachOps$ForEachOp$OfRef.evaluateSequential(ForEachOps.java:174)
	at java.util.stream.AbstractPipeline.evaluate(AbstractPipeline.java:234)
	at java.util.stream.ReferencePipeline.forEach(ReferencePipeline.java:418)
	at io.cucumber.java.JavaBackend.loadGlue(JavaBackend.java:40)
	at io.cucumber.core.runner.Runner.&lt;init&gt;(Runner.java:54)
	at io.cucumber.core.runtime.ThreadLocalRunnerSupplier.createRunner(ThreadLocalRunnerSupplier.java:51)
	at java.lang.ThreadLocal$SuppliedThreadLocal.initialValue(ThreadLocal.java:284)
	at java.lang.ThreadLocal.setInitialValue(ThreadLocal.java:180)
	at java.lang.ThreadLocal.get(ThreadLocal.java:170)
	at io.cucumber.core.runtime.ThreadLocalRunnerSupplier.get(ThreadLocalRunnerSupplier.java:43)
	at io.cucumber.core.runtime.CucumberExecutionContext.getRunner(CucumberExecutionContext.java:128)
	at io.cucumber.core.runtime.CucumberExecutionContext.runTestCase(CucumberExecutionContext.java:115)
	at io.cucumber.testng.TestNGCucumberRunner.runScenario(TestNGCucumberRunner.java:114)
	at io.cucumber.testng.AbstractTestNGCucumberTests.runScenario(AbstractTestNGCucumberTests.java:31)
	at sun.reflect.NativeMethodAccessorImpl.invoke0(Native Method)
	at sun.reflect.NativeMethodAccessorImpl.invoke(NativeMethodAccessorImpl.java:62)
	at sun.reflect.DelegatingMethodAccessorImpl.invoke(DelegatingMethodAccessorImpl.java:43)
	at java.lang.reflect.Method.invoke(Method.java:498)
	at org.testng.internal.MethodInvocationHelper.invokeMethod(MethodInvocationHelper.java:133)
	at org.testng.internal.TestInvoker.invokeMethod(TestInvoker.java:598)
	at org.testng.internal.TestInvoker.invokeTestMethod(TestInvoker.java:173)
	at org.testng.internal.TestMethodWithDataProviderMethodWorker.call(TestMethodWithDataProviderMethodWorker.java:77)
	at org.testng.internal.TestMethodWithDataProviderMethodWorker.call(TestMethodWithDataProviderMethodWorker.java:15)
	at java.util.concurrent.FutureTask.run(FutureTask.java:266)
	at java.util.concurrent.Executors$RunnableAdapter.call(Executors.java:511)
	at java.util.concurrent.FutureTask.run(FutureTask.java:266)
	at java.util.concurrent.ThreadPoolExecutor.runWorker(ThreadPoolExecutor.java:1149)
	at java.util.concurrent.ThreadPoolExecutor$Worker.run(ThreadPoolExecutor.java:624)
	at java.lang.Thread.run(Thread.java:748)
Caused by: io.cucumber.tagexpressions.TagExpressionException: Tag expression &apos;Sanity, smoke, regression&apos; could not be parsed because of syntax error: expected operator
	at io.cucumber.tagexpressions.TagExpressionParser.check(TagExpressionParser.java:136)
	at io.cucumber.tagexpressions.TagExpressionParser.parse(TagExpressionParser.java:74)
	at io.cucumber.tagexpressions.TagExpressionParser.parse(TagExpressionParser.java:27)
	at io.cucumber.core.runner.CoreHookDefinition.&lt;init&gt;(CoreHookDefinition.java:28)
	... 48 more

Jul 31, 2021 7:18:06 AM io.cucumber.core.runtime.CucumberExecutionContext getRunner
SEVERE: Unable to start Cucumber
java.lang.IllegalArgumentException: Invalid tag expression at &apos;cucumberpracticeProject.StepDefinition.Hooks.callDriver()&apos;
	at io.cucumber.core.runner.CoreHookDefinition.&lt;init&gt;(CoreHookDefinition.java:31)
	at io.cucumber.core.runner.CoreHookDefinition.create(CoreHookDefinition.java:42)
	at io.cucumber.core.runner.CachingGlue.addBeforeHook(CachingGlue.java:89)
	at io.cucumber.java.GlueAdaptor.addDefinition(GlueAdaptor.java:27)
	at io.cucumber.java.JavaBackend.lambda$loadGlue$1(JavaBackend.java:42)
	at io.cucumber.java.MethodScanner.scan(MethodScanner.java:65)
	at io.cucumber.java.MethodScanner.scan(MethodScanner.java:56)
	at io.cucumber.java.MethodScanner.scan(MethodScanner.java:31)
	at io.cucumber.java.JavaBackend.lambda$loadGlue$2(JavaBackend.java:40)
	at java.util.stream.ForEachOps$ForEachOp$OfRef.accept(ForEachOps.java:184)
	at java.util.ArrayList$ArrayListSpliterator.forEachRemaining(ArrayList.java:1382)
	at java.util.stream.ReferencePipeline$Head.forEach(ReferencePipeline.java:580)
	at java.util.stream.ReferencePipeline$7$1.accept(ReferencePipeline.java:270)
	at java.util.stream.ReferencePipeline$3$1.accept(ReferencePipeline.java:193)
	at java.util.stream.ReferencePipeline$3$1.accept(ReferencePipeline.java:193)
	at java.util.stream.ReferencePipeline$2$1.accept(ReferencePipeline.java:175)
	at java.util.ArrayList$ArrayListSpliterator.forEachRemaining(ArrayList.java:1382)
	at java.util.stream.AbstractPipeline.copyInto(AbstractPipeline.java:482)
	at java.util.stream.AbstractPipeline.wrapAndCopyInto(AbstractPipeline.java:472)
	at java.util.stream.ForEachOps$ForEachOp.evaluateSequential(ForEachOps.java:151)
	at java.util.stream.ForEachOps$ForEachOp$OfRef.evaluateSequential(ForEachOps.java:174)
	at java.util.stream.AbstractPipeline.evaluate(AbstractPipeline.java:234)
	at java.util.stream.ReferencePipeline.forEach(ReferencePipeline.java:418)
	at io.cucumber.java.JavaBackend.loadGlue(JavaBackend.java:40)
	at io.cucumber.core.runner.Runner.&lt;init&gt;(Runner.java:54)
	at io.cucumber.core.runtime.ThreadLocalRunnerSupplier.createRunner(ThreadLocalRunnerSupplier.java:51)
	at java.lang.ThreadLocal$SuppliedThreadLocal.initialValue(ThreadLocal.java:284)
	at java.lang.ThreadLocal.setInitialValue(ThreadLocal.java:180)
	at java.lang.ThreadLocal.get(ThreadLocal.java:170)
	at io.cucumber.core.runtime.ThreadLocalRunnerSupplier.get(ThreadLocalRunnerSupplier.java:43)
	at io.cucumber.core.runtime.CucumberExecutionContext.getRunner(CucumberExecutionContext.java:128)
	at io.cucumber.core.runtime.CucumberExecutionContext.runTestCase(CucumberExecutionContext.java:115)
	at io.cucumber.testng.TestNGCucumberRunner.runScenario(TestNGCucumberRunner.java:114)
	at io.cucumber.testng.AbstractTestNGCucumberTests.runScenario(AbstractTestNGCucumberTests.java:31)
	at sun.reflect.NativeMethodAccessorImpl.invoke0(Native Method)
	at sun.reflect.NativeMethodAccessorImpl.invoke(NativeMethodAccessorImpl.java:62)
	at sun.reflect.DelegatingMethodAccessorImpl.invoke(DelegatingMethodAccessorImpl.java:43)
	at java.lang.reflect.Method.invoke(Method.java:498)
	at org.testng.internal.MethodInvocationHelper.invokeMethod(MethodInvocationHelper.java:133)
	at org.testng.internal.TestInvoker.invokeMethod(TestInvoker.java:598)
	at org.testng.internal.TestInvoker.invokeTestMethod(TestInvoker.java:173)
	at org.testng.internal.TestMethodWithDataProviderMethodWorker.call(TestMethodWithDataProviderMethodWorker.java:77)
	at org.testng.internal.TestMethodWithDataProviderMethodWorker.call(TestMethodWithDataProviderMethodWorker.java:15)
	at java.util.concurrent.FutureTask.run(FutureTask.java:266)
	at java.util.concurrent.Executors$RunnableAdapter.call(Executors.java:511)
	at java.util.concurrent.FutureTask.run(FutureTask.java:266)
	at java.util.concurrent.ThreadPoolExecutor.runWorker(ThreadPoolExecutor.java:1149)
	at java.util.concurrent.ThreadPoolExecutor$Worker.run(ThreadPoolExecutor.java:624)
	at java.lang.Thread.run(Thread.java:748)
Caused by: io.cucumber.tagexpressions.TagExpressionException: Tag expression &apos;Sanity, smoke, regression&apos; could not be parsed because of syntax error: expected operator
	at io.cucumber.tagexpressions.TagExpressionParser.check(TagExpressionParser.java:136)
	at io.cucumber.tagexpressions.TagExpressionParser.parse(TagExpressionParser.java:74)
	at io.cucumber.tagexpressions.TagExpressionParser.parse(TagExpressionParser.java:27)
	at io.cucumber.core.runner.CoreHookDefinition.&lt;init&gt;(CoreHookDefinition.java:28)
	... 48 more

</system-err>
  </testcase>
  <testcase classname="cucumberpracticeProject.TestRunner.TestRunner" name="runScenario" time="0.95">
    <failure message="Invalid tag expression at &apos;cucumberpracticeProject.StepDefinition.Hooks.callDriver()&apos;" type="java.lang.IllegalArgumentException">java.lang.IllegalArgumentException: Invalid tag expression at &apos;cucumberpracticeProject.StepDefinition.Hooks.callDriver()&apos;
	at io.cucumber.core.runner.CoreHookDefinition.&lt;init&gt;(CoreHookDefinition.java:31)
	at io.cucumber.core.runner.CoreHookDefinition.create(CoreHookDefinition.java:42)
	at io.cucumber.core.runner.CachingGlue.addBeforeHook(CachingGlue.java:89)
	at io.cucumber.java.GlueAdaptor.addDefinition(GlueAdaptor.java:27)
	at io.cucumber.java.JavaBackend.lambda$loadGlue$1(JavaBackend.java:42)
	at io.cucumber.java.MethodScanner.scan(MethodScanner.java:65)
	at io.cucumber.java.MethodScanner.scan(MethodScanner.java:56)
	at io.cucumber.java.MethodScanner.scan(MethodScanner.java:31)
	at io.cucumber.java.JavaBackend.lambda$loadGlue$2(JavaBackend.java:40)
	at java.util.stream.ForEachOps$ForEachOp$OfRef.accept(ForEachOps.java:184)
	at java.util.ArrayList$ArrayListSpliterator.forEachRemaining(ArrayList.java:1382)
	at java.util.stream.ReferencePipeline$Head.forEach(ReferencePipeline.java:580)
	at java.util.stream.ReferencePipeline$7$1.accept(ReferencePipeline.java:270)
	at java.util.stream.ReferencePipeline$3$1.accept(ReferencePipeline.java:193)
	at java.util.stream.ReferencePipeline$3$1.accept(ReferencePipeline.java:193)
	at java.util.stream.ReferencePipeline$2$1.accept(ReferencePipeline.java:175)
	at java.util.ArrayList$ArrayListSpliterator.forEachRemaining(ArrayList.java:1382)
	at java.util.stream.AbstractPipeline.copyInto(AbstractPipeline.java:482)
	at java.util.stream.AbstractPipeline.wrapAndCopyInto(AbstractPipeline.java:472)
	at java.util.stream.ForEachOps$ForEachOp.evaluateSequential(ForEachOps.java:151)
	at java.util.stream.ForEachOps$ForEachOp$OfRef.evaluateSequential(ForEachOps.java:174)
	at java.util.stream.AbstractPipeline.evaluate(AbstractPipeline.java:234)
	at java.util.stream.ReferencePipeline.forEach(ReferencePipeline.java:418)
	at io.cucumber.java.JavaBackend.loadGlue(JavaBackend.java:40)
	at io.cucumber.core.runner.Runner.&lt;init&gt;(Runner.java:54)
	at io.cucumber.core.runtime.ThreadLocalRunnerSupplier.createRunner(ThreadLocalRunnerSupplier.java:51)
	at java.lang.ThreadLocal$SuppliedThreadLocal.initialValue(ThreadLocal.java:284)
	at java.lang.ThreadLocal.setInitialValue(ThreadLocal.java:180)
	at java.lang.ThreadLocal.get(ThreadLocal.java:170)
	at io.cucumber.core.runtime.ThreadLocalRunnerSupplier.get(ThreadLocalRunnerSupplier.java:43)
	at io.cucumber.core.runtime.CucumberExecutionContext.getRunner(CucumberExecutionContext.java:128)
	at io.cucumber.core.runtime.CucumberExecutionContext.runTestCase(CucumberExecutionContext.java:115)
	at io.cucumber.testng.TestNGCucumberRunner.runScenario(TestNGCucumberRunner.java:114)
	at io.cucumber.testng.AbstractTestNGCucumberTests.runScenario(AbstractTestNGCucumberTests.java:31)
	at sun.reflect.NativeMethodAccessorImpl.invoke0(Native Method)
	at sun.reflect.NativeMethodAccessorImpl.invoke(NativeMethodAccessorImpl.java:62)
	at sun.reflect.DelegatingMethodAccessorImpl.invoke(DelegatingMethodAccessorImpl.java:43)
	at java.lang.reflect.Method.invoke(Method.java:498)
	at org.testng.internal.MethodInvocationHelper.invokeMethod(MethodInvocationHelper.java:133)
	at org.testng.internal.TestInvoker.invokeMethod(TestInvoker.java:598)
	at org.testng.internal.TestInvoker.invokeTestMethod(TestInvoker.java:173)
	at org.testng.internal.TestMethodWithDataProviderMethodWorker.call(TestMethodWithDataProviderMethodWorker.java:77)
	at org.testng.internal.TestMethodWithDataProviderMethodWorker.call(TestMethodWithDataProviderMethodWorker.java:15)
	at java.util.concurrent.FutureTask.run(FutureTask.java:266)
	at java.util.concurrent.Executors$RunnableAdapter.call(Executors.java:511)
	at java.util.concurrent.FutureTask.run(FutureTask.java:266)
	at java.util.concurrent.ThreadPoolExecutor.runWorker(ThreadPoolExecutor.java:1149)
	at java.util.concurrent.ThreadPoolExecutor$Worker.run(ThreadPoolExecutor.java:624)
	at java.lang.Thread.run(Thread.java:748)
Caused by: io.cucumber.tagexpressions.TagExpressionException: Tag expression &apos;Sanity, smoke, regression&apos; could not be parsed because of syntax error: expected operator
	at io.cucumber.tagexpressions.TagExpressionParser.check(TagExpressionParser.java:136)
	at io.cucumber.tagexpressions.TagExpressionParser.parse(TagExpressionParser.java:74)
	at io.cucumber.tagexpressions.TagExpressionParser.parse(TagExpressionParser.java:27)
	at io.cucumber.core.runner.CoreHookDefinition.&lt;init&gt;(CoreHookDefinition.java:28)
	... 48 more
Caused by: io.cucumber.tagexpressions.TagExpressionException: Tag expression &apos;Sanity, smoke, regression&apos; could not be parsed because of syntax error: expected operator
	at io.cucumber.tagexpressions.TagExpressionParser.check(TagExpressionParser.java:136)
	at io.cucumber.tagexpressions.TagExpressionParser.parse(TagExpressionParser.java:74)
	at io.cucumber.tagexpressions.TagExpressionParser.parse(TagExpressionParser.java:27)
	at io.cucumber.core.runner.CoreHookDefinition.&lt;init&gt;(CoreHookDefinition.java:28)
	... 48 more
</failure>
  </testcase>
  <testcase classname="cucumberpracticeProject.TestRunner.TestRunner" name="runScenario" time="1.06">
    <failure message="Invalid tag expression at &apos;cucumberpracticeProject.StepDefinition.Hooks.callDriver()&apos;" type="java.lang.IllegalArgumentException">java.lang.IllegalArgumentException: Invalid tag expression at &apos;cucumberpracticeProject.StepDefinition.Hooks.callDriver()&apos;
	at io.cucumber.core.runner.CoreHookDefinition.&lt;init&gt;(CoreHookDefinition.java:31)
	at io.cucumber.core.runner.CoreHookDefinition.create(CoreHookDefinition.java:42)
	at io.cucumber.core.runner.CachingGlue.addBeforeHook(CachingGlue.java:89)
	at io.cucumber.java.GlueAdaptor.addDefinition(GlueAdaptor.java:27)
	at io.cucumber.java.JavaBackend.lambda$loadGlue$1(JavaBackend.java:42)
	at io.cucumber.java.MethodScanner.scan(MethodScanner.java:65)
	at io.cucumber.java.MethodScanner.scan(MethodScanner.java:56)
	at io.cucumber.java.MethodScanner.scan(MethodScanner.java:31)
	at io.cucumber.java.JavaBackend.lambda$loadGlue$2(JavaBackend.java:40)
	at java.util.stream.ForEachOps$ForEachOp$OfRef.accept(ForEachOps.java:184)
	at java.util.ArrayList$ArrayListSpliterator.forEachRemaining(ArrayList.java:1382)
	at java.util.stream.ReferencePipeline$Head.forEach(ReferencePipeline.java:580)
	at java.util.stream.ReferencePipeline$7$1.accept(ReferencePipeline.java:270)
	at java.util.stream.ReferencePipeline$3$1.accept(ReferencePipeline.java:193)
	at java.util.stream.ReferencePipeline$3$1.accept(ReferencePipeline.java:193)
	at java.util.stream.ReferencePipeline$2$1.accept(ReferencePipeline.java:175)
	at java.util.ArrayList$ArrayListSpliterator.forEachRemaining(ArrayList.java:1382)
	at java.util.stream.AbstractPipeline.copyInto(AbstractPipeline.java:482)
	at java.util.stream.AbstractPipeline.wrapAndCopyInto(AbstractPipeline.java:472)
	at java.util.stream.ForEachOps$ForEachOp.evaluateSequential(ForEachOps.java:151)
	at java.util.stream.ForEachOps$ForEachOp$OfRef.evaluateSequential(ForEachOps.java:174)
	at java.util.stream.AbstractPipeline.evaluate(AbstractPipeline.java:234)
	at java.util.stream.ReferencePipeline.forEach(ReferencePipeline.java:418)
	at io.cucumber.java.JavaBackend.loadGlue(JavaBackend.java:40)
	at io.cucumber.core.runner.Runner.&lt;init&gt;(Runner.java:54)
	at io.cucumber.core.runtime.ThreadLocalRunnerSupplier.createRunner(ThreadLocalRunnerSupplier.java:51)
	at java.lang.ThreadLocal$SuppliedThreadLocal.initialValue(ThreadLocal.java:284)
	at java.lang.ThreadLocal.setInitialValue(ThreadLocal.java:180)
	at java.lang.ThreadLocal.get(ThreadLocal.java:170)
	at io.cucumber.core.runtime.ThreadLocalRunnerSupplier.get(ThreadLocalRunnerSupplier.java:43)
	at io.cucumber.core.runtime.CucumberExecutionContext.getRunner(CucumberExecutionContext.java:128)
	at io.cucumber.core.runtime.CucumberExecutionContext.runTestCase(CucumberExecutionContext.java:115)
	at io.cucumber.testng.TestNGCucumberRunner.runScenario(TestNGCucumberRunner.java:114)
	at io.cucumber.testng.AbstractTestNGCucumberTests.runScenario(AbstractTestNGCucumberTests.java:31)
	at sun.reflect.NativeMethodAccessorImpl.invoke0(Native Method)
	at sun.reflect.NativeMethodAccessorImpl.invoke(NativeMethodAccessorImpl.java:62)
	at sun.reflect.DelegatingMethodAccessorImpl.invoke(DelegatingMethodAccessorImpl.java:43)
	at java.lang.reflect.Method.invoke(Method.java:498)
	at org.testng.internal.MethodInvocationHelper.invokeMethod(MethodInvocationHelper.java:133)
	at org.testng.internal.TestInvoker.invokeMethod(TestInvoker.java:598)
	at org.testng.internal.TestInvoker.invokeTestMethod(TestInvoker.java:173)
	at org.testng.internal.TestMethodWithDataProviderMethodWorker.call(TestMethodWithDataProviderMethodWorker.java:77)
	at org.testng.internal.TestMethodWithDataProviderMethodWorker.call(TestMethodWithDataProviderMethodWorker.java:15)
	at java.util.concurrent.FutureTask.run(FutureTask.java:266)
	at java.util.concurrent.Executors$RunnableAdapter.call(Executors.java:511)
	at java.util.concurrent.FutureTask.run(FutureTask.java:266)
	at java.util.concurrent.ThreadPoolExecutor.runWorker(ThreadPoolExecutor.java:1149)
	at java.util.concurrent.ThreadPoolExecutor$Worker.run(ThreadPoolExecutor.java:624)
	at java.lang.Thread.run(Thread.java:748)
Caused by: io.cucumber.tagexpressions.TagExpressionException: Tag expression &apos;Sanity, smoke, regression&apos; could not be parsed because of syntax error: expected operator
	at io.cucumber.tagexpressions.TagExpressionParser.check(TagExpressionParser.java:136)
	at io.cucumber.tagexpressions.TagExpressionParser.parse(TagExpressionParser.java:74)
	at io.cucumber.tagexpressions.TagExpressionParser.parse(TagExpressionParser.java:27)
	at io.cucumber.core.runner.CoreHookDefinition.&lt;init&gt;(CoreHookDefinition.java:28)
	... 48 more
Caused by: io.cucumber.tagexpressions.TagExpressionException: Tag expression &apos;Sanity, smoke, regression&apos; could not be parsed because of syntax error: expected operator
	at io.cucumber.tagexpressions.TagExpressionParser.check(TagExpressionParser.java:136)
	at io.cucumber.tagexpressions.TagExpressionParser.parse(TagExpressionParser.java:74)
	at io.cucumber.tagexpressions.TagExpressionParser.parse(TagExpressionParser.java:27)
	at io.cucumber.core.runner.CoreHookDefinition.&lt;init&gt;(CoreHookDefinition.java:28)
	... 48 more
</failure>
    <system-err>Jul 31, 2021 7:18:06 AM io.cucumber.core.runtime.CucumberExecutionContext getRunner
SEVERE: Unable to start Cucumber
java.lang.IllegalArgumentException: Invalid tag expression at &apos;cucumberpracticeProject.StepDefinition.Hooks.callDriver()&apos;
	at io.cucumber.core.runner.CoreHookDefinition.&lt;init&gt;(CoreHookDefinition.java:31)
	at io.cucumber.core.runner.CoreHookDefinition.create(CoreHookDefinition.java:42)
	at io.cucumber.core.runner.CachingGlue.addBeforeHook(CachingGlue.java:89)
	at io.cucumber.java.GlueAdaptor.addDefinition(GlueAdaptor.java:27)
	at io.cucumber.java.JavaBackend.lambda$loadGlue$1(JavaBackend.java:42)
	at io.cucumber.java.MethodScanner.scan(MethodScanner.java:65)
	at io.cucumber.java.MethodScanner.scan(MethodScanner.java:56)
	at io.cucumber.java.MethodScanner.scan(MethodScanner.java:31)
	at io.cucumber.java.JavaBackend.lambda$loadGlue$2(JavaBackend.java:40)
	at java.util.stream.ForEachOps$ForEachOp$OfRef.accept(ForEachOps.java:184)
	at java.util.ArrayList$ArrayListSpliterator.forEachRemaining(ArrayList.java:1382)
	at java.util.stream.ReferencePipeline$Head.forEach(ReferencePipeline.java:580)
	at java.util.stream.ReferencePipeline$7$1.accept(ReferencePipeline.java:270)
	at java.util.stream.ReferencePipeline$3$1.accept(ReferencePipeline.java:193)
	at java.util.stream.ReferencePipeline$3$1.accept(ReferencePipeline.java:193)
	at java.util.stream.ReferencePipeline$2$1.accept(ReferencePipeline.java:175)
	at java.util.ArrayList$ArrayListSpliterator.forEachRemaining(ArrayList.java:1382)
	at java.util.stream.AbstractPipeline.copyInto(AbstractPipeline.java:482)
	at java.util.stream.AbstractPipeline.wrapAndCopyInto(AbstractPipeline.java:472)
	at java.util.stream.ForEachOps$ForEachOp.evaluateSequential(ForEachOps.java:151)
	at java.util.stream.ForEachOps$ForEachOp$OfRef.evaluateSequential(ForEachOps.java:174)
	at java.util.stream.AbstractPipeline.evaluate(AbstractPipeline.java:234)
	at java.util.stream.ReferencePipeline.forEach(ReferencePipeline.java:418)
	at io.cucumber.java.JavaBackend.loadGlue(JavaBackend.java:40)
	at io.cucumber.core.runner.Runner.&lt;init&gt;(Runner.java:54)
	at io.cucumber.core.runtime.ThreadLocalRunnerSupplier.createRunner(ThreadLocalRunnerSupplier.java:51)
	at java.lang.ThreadLocal$SuppliedThreadLocal.initialValue(ThreadLocal.java:284)
	at java.lang.ThreadLocal.setInitialValue(ThreadLocal.java:180)
	at java.lang.ThreadLocal.get(ThreadLocal.java:170)
	at io.cucumber.core.runtime.ThreadLocalRunnerSupplier.get(ThreadLocalRunnerSupplier.java:43)
	at io.cucumber.core.runtime.CucumberExecutionContext.getRunner(CucumberExecutionContext.java:128)
	at io.cucumber.core.runtime.CucumberExecutionContext.runTestCase(CucumberExecutionContext.java:115)
	at io.cucumber.testng.TestNGCucumberRunner.runScenario(TestNGCucumberRunner.java:114)
	at io.cucumber.testng.AbstractTestNGCucumberTests.runScenario(AbstractTestNGCucumberTests.java:31)
	at sun.reflect.NativeMethodAccessorImpl.invoke0(Native Method)
	at sun.reflect.NativeMethodAccessorImpl.invoke(NativeMethodAccessorImpl.java:62)
	at sun.reflect.DelegatingMethodAccessorImpl.invoke(DelegatingMethodAccessorImpl.java:43)
	at java.lang.reflect.Method.invoke(Method.java:498)
	at org.testng.internal.MethodInvocationHelper.invokeMethod(MethodInvocationHelper.java:133)
	at org.testng.internal.TestInvoker.invokeMethod(TestInvoker.java:598)
	at org.testng.internal.TestInvoker.invokeTestMethod(TestInvoker.java:173)
	at org.testng.internal.TestMethodWithDataProviderMethodWorker.call(TestMethodWithDataProviderMethodWorker.java:77)
	at org.testng.internal.TestMethodWithDataProviderMethodWorker.call(TestMethodWithDataProviderMethodWorker.java:15)
	at java.util.concurrent.FutureTask.run(FutureTask.java:266)
	at java.util.concurrent.Executors$RunnableAdapter.call(Executors.java:511)
	at java.util.concurrent.FutureTask.run(FutureTask.java:266)
	at java.util.concurrent.ThreadPoolExecutor.runWorker(ThreadPoolExecutor.java:1149)
	at java.util.concurrent.ThreadPoolExecutor$Worker.run(ThreadPoolExecutor.java:624)
	at java.lang.Thread.run(Thread.java:748)
Caused by: io.cucumber.tagexpressions.TagExpressionException: Tag expression &apos;Sanity, smoke, regression&apos; could not be parsed because of syntax error: expected operator
	at io.cucumber.tagexpressions.TagExpressionParser.check(TagExpressionParser.java:136)
	at io.cucumber.tagexpressions.TagExpressionParser.parse(TagExpressionParser.java:74)
	at io.cucumber.tagexpressions.TagExpressionParser.parse(TagExpressionParser.java:27)
	at io.cucumber.core.runner.CoreHookDefinition.&lt;init&gt;(CoreHookDefinition.java:28)
	... 48 more

</system-err>
  </testcase>
  <testcase classname="cucumberpracticeProject.TestRunner.TestRunner" name="runScenario" time="1.06">
    <failure message="Invalid tag expression at &apos;cucumberpracticeProject.StepDefinition.Hooks.callDriver()&apos;" type="java.lang.IllegalArgumentException">java.lang.IllegalArgumentException: Invalid tag expression at &apos;cucumberpracticeProject.StepDefinition.Hooks.callDriver()&apos;
	at io.cucumber.core.runner.CoreHookDefinition.&lt;init&gt;(CoreHookDefinition.java:31)
	at io.cucumber.core.runner.CoreHookDefinition.create(CoreHookDefinition.java:42)
	at io.cucumber.core.runner.CachingGlue.addBeforeHook(CachingGlue.java:89)
	at io.cucumber.java.GlueAdaptor.addDefinition(GlueAdaptor.java:27)
	at io.cucumber.java.JavaBackend.lambda$loadGlue$1(JavaBackend.java:42)
	at io.cucumber.java.MethodScanner.scan(MethodScanner.java:65)
	at io.cucumber.java.MethodScanner.scan(MethodScanner.java:56)
	at io.cucumber.java.MethodScanner.scan(MethodScanner.java:31)
	at io.cucumber.java.JavaBackend.lambda$loadGlue$2(JavaBackend.java:40)
	at java.util.stream.ForEachOps$ForEachOp$OfRef.accept(ForEachOps.java:184)
	at java.util.ArrayList$ArrayListSpliterator.forEachRemaining(ArrayList.java:1382)
	at java.util.stream.ReferencePipeline$Head.forEach(ReferencePipeline.java:580)
	at java.util.stream.ReferencePipeline$7$1.accept(ReferencePipeline.java:270)
	at java.util.stream.ReferencePipeline$3$1.accept(ReferencePipeline.java:193)
	at java.util.stream.ReferencePipeline$3$1.accept(ReferencePipeline.java:193)
	at java.util.stream.ReferencePipeline$2$1.accept(ReferencePipeline.java:175)
	at java.util.ArrayList$ArrayListSpliterator.forEachRemaining(ArrayList.java:1382)
	at java.util.stream.AbstractPipeline.copyInto(AbstractPipeline.java:482)
	at java.util.stream.AbstractPipeline.wrapAndCopyInto(AbstractPipeline.java:472)
	at java.util.stream.ForEachOps$ForEachOp.evaluateSequential(ForEachOps.java:151)
	at java.util.stream.ForEachOps$ForEachOp$OfRef.evaluateSequential(ForEachOps.java:174)
	at java.util.stream.AbstractPipeline.evaluate(AbstractPipeline.java:234)
	at java.util.stream.ReferencePipeline.forEach(ReferencePipeline.java:418)
	at io.cucumber.java.JavaBackend.loadGlue(JavaBackend.java:40)
	at io.cucumber.core.runner.Runner.&lt;init&gt;(Runner.java:54)
	at io.cucumber.core.runtime.ThreadLocalRunnerSupplier.createRunner(ThreadLocalRunnerSupplier.java:51)
	at java.lang.ThreadLocal$SuppliedThreadLocal.initialValue(ThreadLocal.java:284)
	at java.lang.ThreadLocal.setInitialValue(ThreadLocal.java:180)
	at java.lang.ThreadLocal.get(ThreadLocal.java:170)
	at io.cucumber.core.runtime.ThreadLocalRunnerSupplier.get(ThreadLocalRunnerSupplier.java:43)
	at io.cucumber.core.runtime.CucumberExecutionContext.getRunner(CucumberExecutionContext.java:128)
	at io.cucumber.core.runtime.CucumberExecutionContext.runTestCase(CucumberExecutionContext.java:115)
	at io.cucumber.testng.TestNGCucumberRunner.runScenario(TestNGCucumberRunner.java:114)
	at io.cucumber.testng.AbstractTestNGCucumberTests.runScenario(AbstractTestNGCucumberTests.java:31)
	at sun.reflect.NativeMethodAccessorImpl.invoke0(Native Method)
	at sun.reflect.NativeMethodAccessorImpl.invoke(NativeMethodAccessorImpl.java:62)
	at sun.reflect.DelegatingMethodAccessorImpl.invoke(DelegatingMethodAccessorImpl.java:43)
	at java.lang.reflect.Method.invoke(Method.java:498)
	at org.testng.internal.MethodInvocationHelper.invokeMethod(MethodInvocationHelper.java:133)
	at org.testng.internal.TestInvoker.invokeMethod(TestInvoker.java:598)
	at org.testng.internal.TestInvoker.invokeTestMethod(TestInvoker.java:173)
	at org.testng.internal.TestMethodWithDataProviderMethodWorker.call(TestMethodWithDataProviderMethodWorker.java:77)
	at org.testng.internal.TestMethodWithDataProviderMethodWorker.call(TestMethodWithDataProviderMethodWorker.java:15)
	at java.util.concurrent.FutureTask.run(FutureTask.java:266)
	at java.util.concurrent.Executors$RunnableAdapter.call(Executors.java:511)
	at java.util.concurrent.FutureTask.run(FutureTask.java:266)
	at java.util.concurrent.ThreadPoolExecutor.runWorker(ThreadPoolExecutor.java:1149)
	at java.util.concurrent.ThreadPoolExecutor$Worker.run(ThreadPoolExecutor.java:624)
	at java.lang.Thread.run(Thread.java:748)
Caused by: io.cucumber.tagexpressions.TagExpressionException: Tag expression &apos;Sanity, smoke, regression&apos; could not be parsed because of syntax error: expected operator
	at io.cucumber.tagexpressions.TagExpressionParser.check(TagExpressionParser.java:136)
	at io.cucumber.tagexpressions.TagExpressionParser.parse(TagExpressionParser.java:74)
	at io.cucumber.tagexpressions.TagExpressionParser.parse(TagExpressionParser.java:27)
	at io.cucumber.core.runner.CoreHookDefinition.&lt;init&gt;(CoreHookDefinition.java:28)
	... 48 more
Caused by: io.cucumber.tagexpressions.TagExpressionException: Tag expression &apos;Sanity, smoke, regression&apos; could not be parsed because of syntax error: expected operator
	at io.cucumber.tagexpressions.TagExpressionParser.check(TagExpressionParser.java:136)
	at io.cucumber.tagexpressions.TagExpressionParser.parse(TagExpressionParser.java:74)
	at io.cucumber.tagexpressions.TagExpressionParser.parse(TagExpressionParser.java:27)
	at io.cucumber.core.runner.CoreHookDefinition.&lt;init&gt;(CoreHookDefinition.java:28)
	... 48 more
</failure>
  </testcase>
</testsuite>