

<!DOCTYPE html>
<html>
<head>
<meta charset="utf-8">
<meta name="viewport" content="width=device-width, initial-scale=1, shrink-to-fit=no">
<title>ToolsQA - Cucumber Framework</title>
<link rel="apple-touch-icon" href="https://cdn.jsdelivr.net/gh/extent-framework/extent-github-cdn@b00a2d0486596e73dd7326beacf352c639623a0e/commons/img/logo.png">
<link rel="shortcut icon" href="https://cdn.jsdelivr.net/gh/extent-framework/extent-github-cdn@b00a2d0486596e73dd7326beacf352c639623a0e/commons/img/logo.png">
<link href="https://cdn.jsdelivr.net/gh/extent-framework/extent-github-cdn@83e4e8776725a49f9e738b19d1e718e7404d6c19/spark/css/spark-style.css" rel="stylesheet" />
<link href="https://stackpath.bootstrapcdn.com/font-awesome/4.7.0/css/font-awesome.min.css" rel="stylesheet">
<script src="https://cdn.rawgit.com/extent-framework/extent-github-cdn/7cc78ce/spark/js/jsontree.js"></script>
<style type="text/css"></style></head><body class="spa bdd-report standard">
  <div class="app">
    <div class="layout">
<div class="header navbar">
<div class="vheader">
<div class="nav-logo">
<a href="#">
<div class="logo" style="background-image: url('https://cdn.jsdelivr.net/gh/extent-framework/extent-github-cdn@b00a2d0486596e73dd7326beacf352c639623a0e/commons/img/logo.png')"></div>
</a>
</div>
<ul class="nav-left">
<li class="search-box">
<a class="search-toggle" href="#">
<i class="search-icon fa fa-search"></i>
<i class="search-icon-close fa fa-close"></i>
</a>
</li>
<li class="search-input"><input id="search-tests" class="form-control" type="text" placeholder="Search..."></li>
</ul>
<ul class="nav-right">
<li class="m-r-10">
<a href="#"><span class="badge badge-primary">ToolsQA - Cucumber Report</span></a>
</li>
<li class="m-r-10">
<a href="#"><span class="badge badge-primary">Jul 31, 2021 07:19:43 AM</span></a>
</li>
</ul>
</div>
</div><div class="side-nav">
<div class="side-nav-inner">
<ul class="side-nav-menu">
<li class="nav-item dropdown" onclick="toggleView('test-view')">
<a id="nav-test" class="dropdown-toggle" href="#">
<span class="ico"><i class="fa fa-list"></i></span>
</a>
</li>
<li class="nav-item dropdown" onclick="toggleView('exception-view')">
<a id="nav-exception" class="dropdown-toggle" href="#">
<span class="ico"><i class="fa fa-bug"></i></span>
</a>
</li>
<li class="nav-item dropdown" onclick="toggleView('dashboard-view')">
<a id="nav-dashboard" class="dropdown-toggle" href="#">
<span class="ico"><i class="fa fa-bar-chart"></i></span>
</a>
</li>
</ul>
</div>
</div>      <div class="vcontainer">
        <div class="main-content">
<div class="test-wrapper row view test-view">
  <div class="test-list">
    <div class="test-list-tools">
<ul class="tools pull-left">
<li><a href="#"><span class="font-size-14">Tests</span></a></li>
</ul>
<ul class="tools text-right">
<li class="dropdown">
<a href="#" class="dropdown-toggle" data-toggle="dropdown"><i class="fa fa-exclamation-circle"></i></a>
<ul id="status-toggle" class="dropdown-menu dropdown-md p-v-0">
<a class="dropdown-item" status="fail" href="#"><span>Fail</span><span class="status danger"></span></a>
<div class="dropdown-divider"></div>
<a status="clear" class="dropdown-item" href="#"><span>Clear</span><span class="pull-right"><i class="fa fa-close"></i></span></a>
</ul>
</li>
</ul>
</div>    <div class="test-list-wrapper scrollable">
      <ul class="test-list-item">
        <li class="test-item"  status="fail" test-id="1"
          author=""
          tag=""
          device="">
          <div class="status-avatar fail-bg">
            <i class="fa fa-times text-white"></i>
          </div>
          <div class="test-detail">
            <span class="meta text-white badge badge-sm"></span>
            <p class="name">Basic for report practice</p>
            <p class="text-sm"><span>07:19:50 AM</span> / <span>68.308 secs</span></p>
          </div>
          <div class="test-contents d-none">
<div class="detail-head">
<div class="p-v-10">
<div class="info">
<div class='float-right'><span class='badge badge-default'>#test-id=1</span></div>
<h5 class="test-status text-fail">Basic for report practice</h5>
<span class='badge badge-success'>07.31.2021 07:19:50</span>
<span class='badge badge-danger'>07.31.2021 07:20:58</span>
<span class='badge badge-default'>68.308 secs</span>
</div>
<div class="m-t-10 m-l-5"></div>
</div>
</div>
<div class="accordion mt-4">
  <div class="card">
    <div class="card-header" role="tab">
      <div class="card-title">
        <div class="node" id="2"><span class="badge log pass-bg mr-2">Pass</span>Facebook login</div>
      </div>
    </div>
        <div class="collapse">
          <div class="card-body">
              <div class="step pass-bg" title="cucumberpracticeProject.StepDefinition.FeatureBasicStepDefinition.when_user_enter_username_something_and_password_something(java.lang.String,java.lang.String)">
                <span>Given when user enter username "merla" and password "devi"</span>
      <div>
      </div>
              </div>
              <div class="step pass-bg" title="cucumberpracticeProject.StepDefinition.FeatureBasicStepDefinition.click_on_submit()">
                <span>When click on submit</span>
      <div>
      </div>
              </div>
              <div class="step pass-bg" title="cucumberpracticeProject.StepDefinition.FeatureBasicStepDefinition.error_displays()">
                <span>Then error displays</span>
      <div>
      </div>
              </div>
          </div>
        </div>
  </div>
  <div class="card">
    <div class="card-header" role="tab">
      <div class="card-title">
        <div class="node" id="3"><span class="badge log fail-bg mr-2">Fail</span>Facebook login</div>
      </div>
    </div>
        <div class="">
          <div class="card-body">
              <div class="step fail-bg" >
                <span>cucumberpracticeProject.StepDefinition.Hooks.callDriver()</span>
      <div>
        <textarea disabled class="code-block">org.openqa.selenium.WebDriverException: unknown error: cannot determine loading status
from disconnected: unable to send message to renderer
  (Session info: chrome=92.0.4515.107)
Build info: version: '3.141.59', revision: 'e82be7d358', time: '2018-11-14T08:17:03'
System info: host: 'DESKTOP-H804N15', ip: '192.168.0.125', os.name: 'Windows 10', os.arch: 'amd64', os.version: '10.0', java.version: '1.8.0_251'
Driver info: org.openqa.selenium.chrome.ChromeDriver
Capabilities {acceptInsecureCerts: false, browserName: chrome, browserVersion: 92.0.4515.107, chrome: {chromedriverVersion: 92.0.4515.107 (87a818b10553..., userDataDir: C:\Users\SRISRE~1\AppData\L...}, goog:chromeOptions: {debuggerAddress: localhost:51124}, javascriptEnabled: true, networkConnectionEnabled: false, pageLoadStrategy: normal, platform: WINDOWS, platformName: WINDOWS, proxy: Proxy(), setWindowRect: true, strictFileInteractability: false, timeouts: {implicit: 0, pageLoad: 300000, script: 30000}, unhandledPromptBehavior: dismiss and notify, webauthn:extension:credBlob: true, webauthn:extension:largeBlob: true, webauthn:virtualAuthenticators: true}
Session ID: 748b0e9b72206a5857c3a0dd203e5330
	at sun.reflect.NativeConstructorAccessorImpl.newInstance0(Native Method)
	at sun.reflect.NativeConstructorAccessorImpl.newInstance(NativeConstructorAccessorImpl.java:62)
	at sun.reflect.DelegatingConstructorAccessorImpl.newInstance(DelegatingConstructorAccessorImpl.java:45)
	at java.lang.reflect.Constructor.newInstance(Constructor.java:423)
	at org.openqa.selenium.remote.http.W3CHttpResponseCodec.createException(W3CHttpResponseCodec.java:187)
	at org.openqa.selenium.remote.http.W3CHttpResponseCodec.decode(W3CHttpResponseCodec.java:122)
	at org.openqa.selenium.remote.http.W3CHttpResponseCodec.decode(W3CHttpResponseCodec.java:49)
	at org.openqa.selenium.remote.HttpCommandExecutor.execute(HttpCommandExecutor.java:158)
	at org.openqa.selenium.remote.service.DriverCommandExecutor.execute(DriverCommandExecutor.java:83)
	at org.openqa.selenium.remote.RemoteWebDriver.execute(RemoteWebDriver.java:552)
	at org.openqa.selenium.remote.RemoteWebDriver.get(RemoteWebDriver.java:277)
	at cucumberpracticeProject.DriverInitialisation.invokeDriver(DriverInitialisation.java:14)
	at cucumberpracticeProject.StepDefinition.Hooks.callDriver(Hooks.java:17)
</textarea>
      
      </div>
              </div>
              <div class="step skip-bg" title="cucumberpracticeProject.StepDefinition.FeatureBasicStepDefinition.when_user_enter_username_something_and_password_something(java.lang.String,java.lang.String)">
                <span>Given when user enter username "merla" and password "devi"</span>
      <div>Step skipped
      </div>
              </div>
              <div class="step skip-bg" title="cucumberpracticeProject.StepDefinition.FeatureBasicStepDefinition.click_on_submit()">
                <span>When click on submit</span>
      <div>Step skipped
      </div>
              </div>
              <div class="step skip-bg" title="cucumberpracticeProject.StepDefinition.FeatureBasicStepDefinition.error_displays()">
                <span>Then error displays</span>
      <div>Step skipped
      </div>
              </div>
          </div>
        </div>
  </div>
  <div class="card">
    <div class="card-header" role="tab">
      <div class="card-title">
        <div class="node" id="4"><span class="badge log fail-bg mr-2">Fail</span>Facebook login</div>
      </div>
    </div>
        <div class="scenario_outline ">
            <div class="card-body l1">
              <div class="card-header">
                <div class="card-title outline-child">
                  <div class="node" id="5"><span class="badge log fail-bg mr-2">Fail</span>Facebook login</div>
                </div>
              </div>
              <div class="card-body mt-3 ">
                  <div class="step fail-bg">
                    <span>cucumberpracticeProject.StepDefinition.Hooks.callDriver()</span>
      <div>
        <textarea disabled class="code-block">org.openqa.selenium.WebDriverException: unknown error: cannot determine loading status
from disconnected: received Inspector.detached event
  (Session info: chrome=92.0.4515.107)
Build info: version: '3.141.59', revision: 'e82be7d358', time: '2018-11-14T08:17:03'
System info: host: 'DESKTOP-H804N15', ip: '192.168.0.125', os.name: 'Windows 10', os.arch: 'amd64', os.version: '10.0', java.version: '1.8.0_251'
Driver info: org.openqa.selenium.chrome.ChromeDriver
Capabilities {acceptInsecureCerts: false, browserName: chrome, browserVersion: 92.0.4515.107, chrome: {chromedriverVersion: 92.0.4515.107 (87a818b10553..., userDataDir: C:\Users\SRISRE~1\AppData\L...}, goog:chromeOptions: {debuggerAddress: localhost:51123}, javascriptEnabled: true, networkConnectionEnabled: false, pageLoadStrategy: normal, platform: WINDOWS, platformName: WINDOWS, proxy: Proxy(), setWindowRect: true, strictFileInteractability: false, timeouts: {implicit: 0, pageLoad: 300000, script: 30000}, unhandledPromptBehavior: dismiss and notify, webauthn:extension:credBlob: true, webauthn:extension:largeBlob: true, webauthn:virtualAuthenticators: true}
Session ID: 68aa53dc2006b6df5da27de5bf997ef3
	at sun.reflect.NativeConstructorAccessorImpl.newInstance0(Native Method)
	at sun.reflect.NativeConstructorAccessorImpl.newInstance(NativeConstructorAccessorImpl.java:62)
	at sun.reflect.DelegatingConstructorAccessorImpl.newInstance(DelegatingConstructorAccessorImpl.java:45)
	at java.lang.reflect.Constructor.newInstance(Constructor.java:423)
	at org.openqa.selenium.remote.http.W3CHttpResponseCodec.createException(W3CHttpResponseCodec.java:187)
	at org.openqa.selenium.remote.http.W3CHttpResponseCodec.decode(W3CHttpResponseCodec.java:122)
	at org.openqa.selenium.remote.http.W3CHttpResponseCodec.decode(W3CHttpResponseCodec.java:49)
	at org.openqa.selenium.remote.HttpCommandExecutor.execute(HttpCommandExecutor.java:158)
	at org.openqa.selenium.remote.service.DriverCommandExecutor.execute(DriverCommandExecutor.java:83)
	at org.openqa.selenium.remote.RemoteWebDriver.execute(RemoteWebDriver.java:552)
	at org.openqa.selenium.remote.RemoteWebDriver.get(RemoteWebDriver.java:277)
	at cucumberpracticeProject.DriverInitialisation.invokeDriver(DriverInitialisation.java:14)
	at cucumberpracticeProject.StepDefinition.Hooks.callDriver(Hooks.java:17)
</textarea>
      
      </div>
                  </div>
                  <div class="step skip-bg">
                    <span>Given when user enter username "merla" and password "devi"</span>
      <div>Step skipped
      </div>
                  </div>
                  <div class="step skip-bg">
                    <span>When click on submit</span>
      <div>Step skipped
      </div>
                  </div>
                  <div class="step skip-bg">
                    <span>Then error displays</span>
      <div>Step skipped
      </div>
                  </div>
              </div>
            </div>
            <div class="card-body l1">
              <div class="card-header">
                <div class="card-title outline-child">
                  <div class="node" id="6"><span class="badge log fail-bg mr-2">Fail</span>Facebook login</div>
                </div>
              </div>
              <div class="card-body mt-3 ">
                  <div class="step fail-bg">
                    <span>cucumberpracticeProject.StepDefinition.Hooks.callDriver()</span>
      <div>
        <textarea disabled class="code-block">org.openqa.selenium.SessionNotCreatedException: session not created
from disconnected: received Inspector.detached event
  (Session info: chrome=92.0.4515.107)
Build info: version: '3.141.59', revision: 'e82be7d358', time: '2018-11-14T08:17:03'
System info: host: 'DESKTOP-H804N15', ip: '192.168.0.125', os.name: 'Windows 10', os.arch: 'amd64', os.version: '10.0', java.version: '1.8.0_251'
Driver info: driver.version: ChromeDriver
remote stacktrace: Backtrace:
	Ordinal0 [0x00522A33+2501171]
	Ordinal0 [0x004BD1C1+2085313]
	Ordinal0 [0x003C1FA8+1056680]
	Ordinal0 [0x003B5474+1004660]
	Ordinal0 [0x003B50B6+1003702]
	Ordinal0 [0x003B47FA+1001466]
	Ordinal0 [0x003B398D+997773]
	Ordinal0 [0x003B3D57+998743]
	Ordinal0 [0x003C9D20+1088800]
	Ordinal0 [0x003C41DB+1065435]
	Ordinal0 [0x003C3D55+1064277]
	Ordinal0 [0x003C455B+1066331]
	Ordinal0 [0x003C4800+1067008]
	Ordinal0 [0x0040AAA8+1354408]
	Ordinal0 [0x0040960A+1349130]
	Ordinal0 [0x0040551B+1332507]
	Ordinal0 [0x003E1D74+1187188]
	Ordinal0 [0x003E2BD9+1190873]
	GetHandleVerifier [0x0069EFE6+1504438]
	GetHandleVerifier [0x0074DDA5+2220661]
	GetHandleVerifier [0x005A5589+481881]
	GetHandleVerifier [0x005A4639+477961]
	Ordinal0 [0x004C28BD+2107581]
	Ordinal0 [0x004C6728+2123560]
	Ordinal0 [0x004C6862+2123874]
	Ordinal0 [0x004CFA81+2161281]
	BaseThreadInitThunk [0x7657FA29+25]
	RtlGetAppContainerNamedObjectPath [0x77B67A7E+286]
	RtlGetAppContainerNamedObjectPath [0x77B67A4E+238]

	at sun.reflect.NativeConstructorAccessorImpl.newInstance0(Native Method)
	at sun.reflect.NativeConstructorAccessorImpl.newInstance(NativeConstructorAccessorImpl.java:62)
	at sun.reflect.DelegatingConstructorAccessorImpl.newInstance(DelegatingConstructorAccessorImpl.java:45)
	at java.lang.reflect.Constructor.newInstance(Constructor.java:423)
	at org.openqa.selenium.remote.W3CHandshakeResponse.lambda$errorHandler$0(W3CHandshakeResponse.java:62)
	at org.openqa.selenium.remote.HandshakeResponse.lambda$getResponseFunction$0(HandshakeResponse.java:30)
	at org.openqa.selenium.remote.ProtocolHandshake.lambda$createSession$0(ProtocolHandshake.java:126)
	at java.util.stream.ReferencePipeline$3$1.accept(ReferencePipeline.java:193)
	at java.util.Spliterators$ArraySpliterator.tryAdvance(Spliterators.java:958)
	at java.util.stream.ReferencePipeline.forEachWithCancel(ReferencePipeline.java:126)
	at java.util.stream.AbstractPipeline.copyIntoWithCancel(AbstractPipeline.java:499)
	at java.util.stream.AbstractPipeline.copyInto(AbstractPipeline.java:486)
	at java.util.stream.AbstractPipeline.wrapAndCopyInto(AbstractPipeline.java:472)
	at java.util.stream.FindOps$FindOp.evaluateSequential(FindOps.java:152)
	at java.util.stream.AbstractPipeline.evaluate(AbstractPipeline.java:234)
	at java.util.stream.ReferencePipeline.findFirst(ReferencePipeline.java:464)
	at org.openqa.selenium.remote.ProtocolHandshake.createSession(ProtocolHandshake.java:128)
	at org.openqa.selenium.remote.ProtocolHandshake.createSession(ProtocolHandshake.java:74)
	at org.openqa.selenium.remote.HttpCommandExecutor.execute(HttpCommandExecutor.java:136)
	at org.openqa.selenium.remote.service.DriverCommandExecutor.execute(DriverCommandExecutor.java:83)
	at org.openqa.selenium.remote.RemoteWebDriver.execute(RemoteWebDriver.java:552)
	at org.openqa.selenium.remote.RemoteWebDriver.startSession(RemoteWebDriver.java:213)
	at org.openqa.selenium.remote.RemoteWebDriver.<init>(RemoteWebDriver.java:131)
	at org.openqa.selenium.chrome.ChromeDriver.<init>(ChromeDriver.java:181)
	at org.openqa.selenium.chrome.ChromeDriver.<init>(ChromeDriver.java:168)
	at org.openqa.selenium.chrome.ChromeDriver.<init>(ChromeDriver.java:123)
	at cucumberpracticeProject.DriverInitialisation.invokeDriver(DriverInitialisation.java:13)
	at cucumberpracticeProject.StepDefinition.Hooks.callDriver(Hooks.java:17)
</textarea>
      
      </div>
                  </div>
                  <div class="step skip-bg">
                    <span>Given when user enter username "merla" and password "devi"</span>
      <div>Step skipped
      </div>
                  </div>
                  <div class="step skip-bg">
                    <span>When click on submit</span>
      <div>Step skipped
      </div>
                  </div>
                  <div class="step skip-bg">
                    <span>Then error displays</span>
      <div>Step skipped
      </div>
                  </div>
              </div>
            </div>
        </div>
  </div>
</div>
          </div>
        </li>
      </ul>
    </div>
  </div>
<div class="test-content scrollable">
<div class="test-content-tools">
<ul><li><a class="back-to-test" href="#"><i class="fa fa-arrow-left"></i></a></li></ul>
</div>
<div class="test-content-detail"><div class="detail-body"></div></div>
</div></div>
<div class="test-wrapper row view exception-view attributes-view">
<div class="test-list">
<div class="test-list-tools">
<ul class="tools pull-left">
<li>
<a href="">
<span class="font-size-14">Exception</span>
</a>
</li>
</ul>
<ul class="tools text-right">
<li>
<a href="#">
<span class="badge badge-primary">2</span>
</a>
</li>
</ul>
</div>
<div class="test-list-wrapper scrollable">
<ul class="test-list-item">
<li class="test-item">
<div class="open-test">
<div class="test-detail">
<p class="name">org.openqa.selenium.SessionNotCreatedException</p>
<p class="duration text-sm">1 tests</p>
</div>
</div>
<div class="test-contents d-none">
<div class="info">
<h4>org.openqa.selenium.SessionNotCreatedException</h4>
</div>
<table class='table table-sm mt-4'>
<thead>
<tr>
<th class="status-col">Status</th>
<th class="timestamp-col">Timestamp</th>
<th>TestName</th>
</tr>
</thead>
<tbody>
<tr>
<td><span class="badge log fail-bg">Fail</span></td>
<td>07:19:50 AM</td>
<td>
<a href="#" class="linked" test-id='1' id='10'>cucumberpracticeProject.StepDefinition.Hooks.callDriver()</a>
<div class="">
<span class="badge badge-default">Facebook login</span>
</div>
</td>
</tr>
</tbody>
</table>
</div>
</li>
<li class="test-item">
<div class="open-test">
<div class="test-detail">
<p class="name">org.openqa.selenium.WebDriverException</p>
<p class="duration text-sm">2 tests</p>
</div>
</div>
<div class="test-contents d-none">
<div class="info">
<h4>org.openqa.selenium.WebDriverException</h4>
</div>
<table class='table table-sm mt-4'>
<thead>
<tr>
<th class="status-col">Status</th>
<th class="timestamp-col">Timestamp</th>
<th>TestName</th>
</tr>
</thead>
<tbody>
<tr>
<td><span class="badge log fail-bg">Fail</span></td>
<td>07:19:50 AM</td>
<td>
<a href="#" class="linked" test-id='1' id='7'>cucumberpracticeProject.StepDefinition.Hooks.callDriver()</a>
<div class="">
<span class="badge badge-default">Facebook login</span>
</div>
</td>
</tr>
<tr>
<td><span class="badge log fail-bg">Fail</span></td>
<td>07:19:50 AM</td>
<td>
<a href="#" class="linked" test-id='1' id='9'>cucumberpracticeProject.StepDefinition.Hooks.callDriver()</a>
<div class="">
<span class="badge badge-default">Facebook login</span>
</div>
</td>
</tr>
</tbody>
</table>
</div>
</li>
</ul>
</div>
</div>
<div class="test-content scrollable">
<div class="test-content-tools">
<ul>
<li>
<a class="back-to-test" href="javascript:void(0)">
<i class="fa fa-arrow-left"></i>
</a>
</li>
</ul>
</div>
<div class="test-content-detail">
<div class="detail-body"></div>
</div>
</div>
</div><div class="container-fluid p-4 view dashboard-view">
<div class="row">
<div class="col-md-3">
<div class="card"><div class="card-body">
<p class="m-b-0">Started</p>
<h3>Jul 31, 2021 07:19:43 AM</h3>
</div></div>
</div>
<div class="col-md-3">
<div class="card"><div class="card-body">
<p class="m-b-0">Ended</p>
<h3>Jul 31, 2021 07:20:59 AM</h3>
</div></div>
</div>
<div class="col-md-3">
<div class="card"><div class="card-body">
<p class="m-b-0 text-pass">Features Passed</p>
<h3>0</h3>
</div></div>
</div>
<div class="col-md-3">
<div class="card"><div class="card-body">
<p class="m-b-0 text-fail">Features Failed</p>
<h3>1</h3>
</div></div>
</div>
</div>
<div class="row">
<div class="col-md-4">
<div class="card">
<div class="card-header">
<h6 class="card-title">Features</h6>
</div>
<div class="card-body">
<div class="">
<canvas id='parent-analysis' width='115' height='90'></canvas>
</div>
</div>
<div class="card-footer">
<div><small data-tooltip='0%'>
<b>0</b> features passed
</small>
</div>
<div>
<small data-tooltip='100%'><b>1</b> features failed,
<b>0</b> skipped, <b data-tooltip='0%'>0</b> others
</small>
</div>
</div>
</div>
</div>
<div class="col-md-4">
<div class="card">
<div class="card-header">
<h6 class="card-title">Scenarios</h6>
</div>
<div class="card-body">
<div class="">
<canvas id='child-analysis' width='115' height='90'></canvas>
</div>
</div>
<div class="card-footer">
<div><small data-tooltip='25%'><b>1</b> scenarios passed</small></div>
<div>
<small data-tooltip='75%'><b>3</b> scenarios failed,
<b>0</b> skipped, <b data-tooltip='%'>0</b> others
</small>
</div>
</div>
</div>
</div>
<div class="col-md-4">
<div class="card">
<div class="card-header">
<h6 class="card-title">Steps</h6>
</div>
<div class="card-body">
<div class="">
<canvas id='grandchild-analysis' width='115' height='90'></canvas>
</div>
</div>
<div class="card-footer">
<div><small data-tooltip='20%'><b>3</b> steps passed</small></div>
<div>
<small data-tooltip='20%'><b>3</b> steps failed,
<b>9</b> skipped, <b data-tooltip='%'>0</b> others
</small>
</div>
</div>
</div>
</div>
</div>
<div class="row">
</div>
</div>
<script>
var statusGroup = {
parentCount: 5,
passParent: 0,
failParent: 1,
warningParent: 0,
skipParent: 0,
childCount: 5,
passChild: 1,
failChild: 3,
warningChild: 0,
skipChild: 0,
infoChild: 0,
grandChildCount: 5,
passGrandChild: 3,
failGrandChild: 3,
warningGrandChild: 0,
skipGrandChild: 9,
infoGrandChild: 0,
eventsCount: 5,
};
</script>        </div>
      </div>
    </div>
  </div>
<script src="https://cdn.jsdelivr.net/gh/extent-framework/extent-github-cdn@5cf22a596531402644b8523470526952516f345f/spark/js/spark-script.js"></script>
<script type="text/javascript"></script></body>
</html>